2021-09-16 15:13:28,723 - INFO - preprocess.py - convert_examples_to_features - 152 - Convert 1244 examples to features
2021-09-16 15:13:28,723 - INFO - preprocess.py - convert_rc_example - 127 - *** train_example-0 ***
2021-09-16 15:13:28,723 - INFO - preprocess.py - convert_rc_example - 128 - text ['裂', '开', '的', '伤', '口', '涂', '满', '尘', '土', '，', '里', '面', '有', '碎', '石', '子', '和', '木', '头', '刺', '，', '我', '小', '心', '翼', '翼', '把', '它', '们', '剔', '除', '出', '去', '。']
2021-09-16 15:13:28,723 - INFO - preprocess.py - convert_rc_example - 129 - token_ids: [101, 6162, 2458, 4638, 839, 1366, 3864, 4007, 2212, 1759, 8024, 7027, 7481, 3300, 4810, 4767, 2094, 1469, 3312, 1928, 1173, 8024, 2769, 2207, 2552, 5437, 5437, 2828, 2124, 812, 1188, 7370, 1139, 1343, 511, 102, 0, 0, 0, 0, 0, 0, 0, 0, 0, 0, 0, 0, 0, 0, 0, 0, 0, 0, 0, 0, 0, 0, 0, 0, 0, 0, 0, 0, 0, 0, 0, 0, 0, 0, 0, 0, 0, 0, 0, 0, 0, 0, 0, 0, 0, 0, 0, 0, 0, 0, 0, 0, 0, 0, 0, 0, 0, 0, 0, 0, 0, 0, 0, 0, 0, 0, 0, 0, 0, 0, 0, 0, 0, 0, 0, 0, 0, 0, 0, 0, 0, 0, 0, 0, 0, 0, 0, 0, 0, 0, 0, 0, 0, 0, 0, 0, 0, 0, 0, 0, 0, 0, 0, 0, 0, 0, 0, 0]
2021-09-16 15:13:28,723 - INFO - preprocess.py - convert_rc_example - 130 - attention_masks: [1, 1, 1, 1, 1, 1, 1, 1, 1, 1, 1, 1, 1, 1, 1, 1, 1, 1, 1, 1, 1, 1, 1, 1, 1, 1, 1, 1, 1, 1, 1, 1, 1, 1, 1, 1, 0, 0, 0, 0, 0, 0, 0, 0, 0, 0, 0, 0, 0, 0, 0, 0, 0, 0, 0, 0, 0, 0, 0, 0, 0, 0, 0, 0, 0, 0, 0, 0, 0, 0, 0, 0, 0, 0, 0, 0, 0, 0, 0, 0, 0, 0, 0, 0, 0, 0, 0, 0, 0, 0, 0, 0, 0, 0, 0, 0, 0, 0, 0, 0, 0, 0, 0, 0, 0, 0, 0, 0, 0, 0, 0, 0, 0, 0, 0, 0, 0, 0, 0, 0, 0, 0, 0, 0, 0, 0, 0, 0, 0, 0, 0, 0, 0, 0, 0, 0, 0, 0, 0, 0, 0, 0, 0, 0]
2021-09-16 15:13:28,723 - INFO - preprocess.py - convert_rc_example - 131 - token_type_ids: [0, 0, 0, 0, 0, 0, 0, 0, 0, 0, 0, 0, 0, 0, 0, 0, 0, 0, 0, 0, 0, 0, 0, 0, 0, 0, 0, 0, 0, 0, 0, 0, 0, 0, 0, 0, 0, 0, 0, 0, 0, 0, 0, 0, 0, 0, 0, 0, 0, 0, 0, 0, 0, 0, 0, 0, 0, 0, 0, 0, 0, 0, 0, 0, 0, 0, 0, 0, 0, 0, 0, 0, 0, 0, 0, 0, 0, 0, 0, 0, 0, 0, 0, 0, 0, 0, 0, 0, 0, 0, 0, 0, 0, 0, 0, 0, 0, 0, 0, 0, 0, 0, 0, 0, 0, 0, 0, 0, 0, 0, 0, 0, 0, 0, 0, 0, 0, 0, 0, 0, 0, 0, 0, 0, 0, 0, 0, 0, 0, 0, 0, 0, 0, 0, 0, 0, 0, 0, 0, 0, 0, 0, 0, 0]
2021-09-16 15:13:28,723 - INFO - preprocess.py - convert_rc_example - 132 - span1_ids: [0, 0, 0, 0, 1, 1, 0, 0, 0, 0, 0, 0, 0, 0, 0, 0, 0, 0, 0, 0, 0, 0, 0, 0, 0, 0, 0, 0, 0, 0, 0, 0, 0, 0, 0, 0, 0, 0, 0, 0, 0, 0, 0, 0, 0, 0, 0, 0, 0, 0, 0, 0, 0, 0, 0, 0, 0, 0, 0, 0, 0, 0, 0, 0, 0, 0, 0, 0, 0, 0, 0, 0, 0, 0, 0, 0, 0, 0, 0, 0, 0, 0, 0, 0, 0, 0, 0, 0, 0, 0, 0, 0, 0, 0, 0, 0, 0, 0, 0, 0, 0, 0, 0, 0, 0, 0, 0, 0, 0, 0, 0, 0, 0, 0, 0, 0, 0, 0, 0, 0, 0, 0, 0, 0, 0, 0, 0, 0, 0, 0, 0, 0, 0, 0, 0, 0, 0, 0, 0, 0, 0, 0, 0, 0]
2021-09-16 15:13:28,723 - INFO - preprocess.py - convert_rc_example - 133 - span2_ids: [0, 0, 0, 0, 0, 0, 0, 0, 0, 0, 0, 0, 0, 0, 0, 0, 0, 0, 0, 0, 0, 0, 0, 0, 0, 0, 0, 0, 1, 1, 0, 0, 0, 0, 0, 0, 0, 0, 0, 0, 0, 0, 0, 0, 0, 0, 0, 0, 0, 0, 0, 0, 0, 0, 0, 0, 0, 0, 0, 0, 0, 0, 0, 0, 0, 0, 0, 0, 0, 0, 0, 0, 0, 0, 0, 0, 0, 0, 0, 0, 0, 0, 0, 0, 0, 0, 0, 0, 0, 0, 0, 0, 0, 0, 0, 0, 0, 0, 0, 0, 0, 0, 0, 0, 0, 0, 0, 0, 0, 0, 0, 0, 0, 0, 0, 0, 0, 0, 0, 0, 0, 0, 0, 0, 0, 0, 0, 0, 0, 0, 0, 0, 0, 0, 0, 0, 0, 0, 0, 0, 0, 0, 0, 0]
2021-09-16 15:13:28,724 - INFO - preprocess.py - convert_rc_example - 134 - label: 0
2021-09-16 15:13:28,724 - INFO - preprocess.py - convert_rc_example - 127 - *** train_example-1 ***
2021-09-16 15:13:28,724 - INFO - preprocess.py - convert_rc_example - 128 - text ['裂', '开', '的', '伤', '口', '涂', '满', '尘', '土', '，', '里', '面', '有', '碎', '石', '子', '和', '木', '头', '刺', '，', '我', '小', '心', '翼', '翼', '把', '它', '们', '剔', '除', '出', '去', '。']
2021-09-16 15:13:28,724 - INFO - preprocess.py - convert_rc_example - 129 - token_ids: [101, 6162, 2458, 4638, 839, 1366, 3864, 4007, 2212, 1759, 8024, 7027, 7481, 3300, 4810, 4767, 2094, 1469, 3312, 1928, 1173, 8024, 2769, 2207, 2552, 5437, 5437, 2828, 2124, 812, 1188, 7370, 1139, 1343, 511, 102, 0, 0, 0, 0, 0, 0, 0, 0, 0, 0, 0, 0, 0, 0, 0, 0, 0, 0, 0, 0, 0, 0, 0, 0, 0, 0, 0, 0, 0, 0, 0, 0, 0, 0, 0, 0, 0, 0, 0, 0, 0, 0, 0, 0, 0, 0, 0, 0, 0, 0, 0, 0, 0, 0, 0, 0, 0, 0, 0, 0, 0, 0, 0, 0, 0, 0, 0, 0, 0, 0, 0, 0, 0, 0, 0, 0, 0, 0, 0, 0, 0, 0, 0, 0, 0, 0, 0, 0, 0, 0, 0, 0, 0, 0, 0, 0, 0, 0, 0, 0, 0, 0, 0, 0, 0, 0, 0, 0]
2021-09-16 15:13:28,724 - INFO - preprocess.py - convert_rc_example - 130 - attention_masks: [1, 1, 1, 1, 1, 1, 1, 1, 1, 1, 1, 1, 1, 1, 1, 1, 1, 1, 1, 1, 1, 1, 1, 1, 1, 1, 1, 1, 1, 1, 1, 1, 1, 1, 1, 1, 0, 0, 0, 0, 0, 0, 0, 0, 0, 0, 0, 0, 0, 0, 0, 0, 0, 0, 0, 0, 0, 0, 0, 0, 0, 0, 0, 0, 0, 0, 0, 0, 0, 0, 0, 0, 0, 0, 0, 0, 0, 0, 0, 0, 0, 0, 0, 0, 0, 0, 0, 0, 0, 0, 0, 0, 0, 0, 0, 0, 0, 0, 0, 0, 0, 0, 0, 0, 0, 0, 0, 0, 0, 0, 0, 0, 0, 0, 0, 0, 0, 0, 0, 0, 0, 0, 0, 0, 0, 0, 0, 0, 0, 0, 0, 0, 0, 0, 0, 0, 0, 0, 0, 0, 0, 0, 0, 0]
2021-09-16 15:13:28,724 - INFO - preprocess.py - convert_rc_example - 131 - token_type_ids: [0, 0, 0, 0, 0, 0, 0, 0, 0, 0, 0, 0, 0, 0, 0, 0, 0, 0, 0, 0, 0, 0, 0, 0, 0, 0, 0, 0, 0, 0, 0, 0, 0, 0, 0, 0, 0, 0, 0, 0, 0, 0, 0, 0, 0, 0, 0, 0, 0, 0, 0, 0, 0, 0, 0, 0, 0, 0, 0, 0, 0, 0, 0, 0, 0, 0, 0, 0, 0, 0, 0, 0, 0, 0, 0, 0, 0, 0, 0, 0, 0, 0, 0, 0, 0, 0, 0, 0, 0, 0, 0, 0, 0, 0, 0, 0, 0, 0, 0, 0, 0, 0, 0, 0, 0, 0, 0, 0, 0, 0, 0, 0, 0, 0, 0, 0, 0, 0, 0, 0, 0, 0, 0, 0, 0, 0, 0, 0, 0, 0, 0, 0, 0, 0, 0, 0, 0, 0, 0, 0, 0, 0, 0, 0]
2021-09-16 15:13:28,724 - INFO - preprocess.py - convert_rc_example - 132 - span1_ids: [0, 0, 0, 0, 0, 0, 0, 0, 1, 1, 0, 0, 0, 0, 0, 0, 0, 0, 0, 0, 0, 0, 0, 0, 0, 0, 0, 0, 0, 0, 0, 0, 0, 0, 0, 0, 0, 0, 0, 0, 0, 0, 0, 0, 0, 0, 0, 0, 0, 0, 0, 0, 0, 0, 0, 0, 0, 0, 0, 0, 0, 0, 0, 0, 0, 0, 0, 0, 0, 0, 0, 0, 0, 0, 0, 0, 0, 0, 0, 0, 0, 0, 0, 0, 0, 0, 0, 0, 0, 0, 0, 0, 0, 0, 0, 0, 0, 0, 0, 0, 0, 0, 0, 0, 0, 0, 0, 0, 0, 0, 0, 0, 0, 0, 0, 0, 0, 0, 0, 0, 0, 0, 0, 0, 0, 0, 0, 0, 0, 0, 0, 0, 0, 0, 0, 0, 0, 0, 0, 0, 0, 0, 0, 0]
2021-09-16 15:13:28,724 - INFO - preprocess.py - convert_rc_example - 133 - span2_ids: [0, 0, 0, 0, 0, 0, 0, 0, 0, 0, 0, 0, 0, 0, 0, 0, 0, 0, 0, 0, 0, 0, 0, 0, 0, 0, 0, 0, 1, 1, 0, 0, 0, 0, 0, 0, 0, 0, 0, 0, 0, 0, 0, 0, 0, 0, 0, 0, 0, 0, 0, 0, 0, 0, 0, 0, 0, 0, 0, 0, 0, 0, 0, 0, 0, 0, 0, 0, 0, 0, 0, 0, 0, 0, 0, 0, 0, 0, 0, 0, 0, 0, 0, 0, 0, 0, 0, 0, 0, 0, 0, 0, 0, 0, 0, 0, 0, 0, 0, 0, 0, 0, 0, 0, 0, 0, 0, 0, 0, 0, 0, 0, 0, 0, 0, 0, 0, 0, 0, 0, 0, 0, 0, 0, 0, 0, 0, 0, 0, 0, 0, 0, 0, 0, 0, 0, 0, 0, 0, 0, 0, 0, 0, 0]
2021-09-16 15:13:28,724 - INFO - preprocess.py - convert_rc_example - 134 - label: 0
2021-09-16 15:13:28,724 - INFO - preprocess.py - convert_rc_example - 127 - *** train_example-2 ***
2021-09-16 15:13:28,725 - INFO - preprocess.py - convert_rc_example - 128 - text ['裂', '开', '的', '伤', '口', '涂', '满', '尘', '土', '，', '里', '面', '有', '碎', '石', '子', '和', '木', '头', '刺', '，', '我', '小', '心', '翼', '翼', '把', '它', '们', '剔', '除', '出', '去', '。']
2021-09-16 15:13:28,725 - INFO - preprocess.py - convert_rc_example - 129 - token_ids: [101, 6162, 2458, 4638, 839, 1366, 3864, 4007, 2212, 1759, 8024, 7027, 7481, 3300, 4810, 4767, 2094, 1469, 3312, 1928, 1173, 8024, 2769, 2207, 2552, 5437, 5437, 2828, 2124, 812, 1188, 7370, 1139, 1343, 511, 102, 0, 0, 0, 0, 0, 0, 0, 0, 0, 0, 0, 0, 0, 0, 0, 0, 0, 0, 0, 0, 0, 0, 0, 0, 0, 0, 0, 0, 0, 0, 0, 0, 0, 0, 0, 0, 0, 0, 0, 0, 0, 0, 0, 0, 0, 0, 0, 0, 0, 0, 0, 0, 0, 0, 0, 0, 0, 0, 0, 0, 0, 0, 0, 0, 0, 0, 0, 0, 0, 0, 0, 0, 0, 0, 0, 0, 0, 0, 0, 0, 0, 0, 0, 0, 0, 0, 0, 0, 0, 0, 0, 0, 0, 0, 0, 0, 0, 0, 0, 0, 0, 0, 0, 0, 0, 0, 0, 0]
2021-09-16 15:13:28,725 - INFO - preprocess.py - convert_rc_example - 130 - attention_masks: [1, 1, 1, 1, 1, 1, 1, 1, 1, 1, 1, 1, 1, 1, 1, 1, 1, 1, 1, 1, 1, 1, 1, 1, 1, 1, 1, 1, 1, 1, 1, 1, 1, 1, 1, 1, 0, 0, 0, 0, 0, 0, 0, 0, 0, 0, 0, 0, 0, 0, 0, 0, 0, 0, 0, 0, 0, 0, 0, 0, 0, 0, 0, 0, 0, 0, 0, 0, 0, 0, 0, 0, 0, 0, 0, 0, 0, 0, 0, 0, 0, 0, 0, 0, 0, 0, 0, 0, 0, 0, 0, 0, 0, 0, 0, 0, 0, 0, 0, 0, 0, 0, 0, 0, 0, 0, 0, 0, 0, 0, 0, 0, 0, 0, 0, 0, 0, 0, 0, 0, 0, 0, 0, 0, 0, 0, 0, 0, 0, 0, 0, 0, 0, 0, 0, 0, 0, 0, 0, 0, 0, 0, 0, 0]
2021-09-16 15:13:28,725 - INFO - preprocess.py - convert_rc_example - 131 - token_type_ids: [0, 0, 0, 0, 0, 0, 0, 0, 0, 0, 0, 0, 0, 0, 0, 0, 0, 0, 0, 0, 0, 0, 0, 0, 0, 0, 0, 0, 0, 0, 0, 0, 0, 0, 0, 0, 0, 0, 0, 0, 0, 0, 0, 0, 0, 0, 0, 0, 0, 0, 0, 0, 0, 0, 0, 0, 0, 0, 0, 0, 0, 0, 0, 0, 0, 0, 0, 0, 0, 0, 0, 0, 0, 0, 0, 0, 0, 0, 0, 0, 0, 0, 0, 0, 0, 0, 0, 0, 0, 0, 0, 0, 0, 0, 0, 0, 0, 0, 0, 0, 0, 0, 0, 0, 0, 0, 0, 0, 0, 0, 0, 0, 0, 0, 0, 0, 0, 0, 0, 0, 0, 0, 0, 0, 0, 0, 0, 0, 0, 0, 0, 0, 0, 0, 0, 0, 0, 0, 0, 0, 0, 0, 0, 0]
2021-09-16 15:13:28,725 - INFO - preprocess.py - convert_rc_example - 132 - span1_ids: [0, 0, 0, 0, 0, 0, 0, 0, 0, 0, 0, 0, 0, 0, 1, 1, 1, 1, 1, 1, 1, 0, 0, 0, 0, 0, 0, 0, 0, 0, 0, 0, 0, 0, 0, 0, 0, 0, 0, 0, 0, 0, 0, 0, 0, 0, 0, 0, 0, 0, 0, 0, 0, 0, 0, 0, 0, 0, 0, 0, 0, 0, 0, 0, 0, 0, 0, 0, 0, 0, 0, 0, 0, 0, 0, 0, 0, 0, 0, 0, 0, 0, 0, 0, 0, 0, 0, 0, 0, 0, 0, 0, 0, 0, 0, 0, 0, 0, 0, 0, 0, 0, 0, 0, 0, 0, 0, 0, 0, 0, 0, 0, 0, 0, 0, 0, 0, 0, 0, 0, 0, 0, 0, 0, 0, 0, 0, 0, 0, 0, 0, 0, 0, 0, 0, 0, 0, 0, 0, 0, 0, 0, 0, 0]
2021-09-16 15:13:28,725 - INFO - preprocess.py - convert_rc_example - 133 - span2_ids: [0, 0, 0, 0, 0, 0, 0, 0, 0, 0, 0, 0, 0, 0, 0, 0, 0, 0, 0, 0, 0, 0, 0, 0, 0, 0, 0, 0, 1, 1, 0, 0, 0, 0, 0, 0, 0, 0, 0, 0, 0, 0, 0, 0, 0, 0, 0, 0, 0, 0, 0, 0, 0, 0, 0, 0, 0, 0, 0, 0, 0, 0, 0, 0, 0, 0, 0, 0, 0, 0, 0, 0, 0, 0, 0, 0, 0, 0, 0, 0, 0, 0, 0, 0, 0, 0, 0, 0, 0, 0, 0, 0, 0, 0, 0, 0, 0, 0, 0, 0, 0, 0, 0, 0, 0, 0, 0, 0, 0, 0, 0, 0, 0, 0, 0, 0, 0, 0, 0, 0, 0, 0, 0, 0, 0, 0, 0, 0, 0, 0, 0, 0, 0, 0, 0, 0, 0, 0, 0, 0, 0, 0, 0, 0]
2021-09-16 15:13:28,725 - INFO - preprocess.py - convert_rc_example - 134 - label: 1
2021-09-16 15:13:28,942 - INFO - preprocess.py - convert_examples_to_features - 165 - Build 1244 features
2021-09-16 15:13:29,006 - INFO - preprocess.py - convert_examples_to_features - 152 - Convert 304 examples to features
2021-09-16 15:13:29,007 - INFO - preprocess.py - convert_rc_example - 127 - *** dev_example-0 ***
2021-09-16 15:13:29,007 - INFO - preprocess.py - convert_rc_example - 128 - text ['有', '些', '这', '样', '的', '“', '洋', '人', '”', '就', '站', '在', '大', '众', '之', '间', '，', '如', '同', '鹤', '立', '鸡', '群', '，', '毫', '不', '掩', '饰', '自', '己', '的', '优', '越', '感', '。', '他', '们', '排', '在', '非', '凡', '的', '甲', '菜', '盆', '后', '面', '，', '虽', '然', '人', '数', '寥', '寥', '无', '几', '，', '但', '却', '特', '别', '惹', '眼', '。']
2021-09-16 15:13:29,007 - INFO - preprocess.py - convert_rc_example - 129 - token_ids: [101, 3300, 763, 6821, 3416, 4638, 100, 3817, 782, 100, 2218, 4991, 1762, 1920, 830, 722, 7313, 8024, 1963, 1398, 7911, 4989, 7883, 5408, 8024, 3690, 679, 2973, 7652, 5632, 2346, 4638, 831, 6632, 2697, 511, 800, 812, 2961, 1762, 7478, 1127, 4638, 4508, 5831, 4658, 1400, 7481, 8024, 6006, 4197, 782, 3144, 2178, 2178, 3187, 1126, 8024, 852, 1316, 4294, 1166, 2685, 4706, 511, 102, 0, 0, 0, 0, 0, 0, 0, 0, 0, 0, 0, 0, 0, 0, 0, 0, 0, 0, 0, 0, 0, 0, 0, 0, 0, 0, 0, 0, 0, 0, 0, 0, 0, 0, 0, 0, 0, 0, 0, 0, 0, 0, 0, 0, 0, 0, 0, 0, 0, 0, 0, 0, 0, 0, 0, 0, 0, 0, 0, 0, 0, 0, 0, 0, 0, 0, 0, 0, 0, 0, 0, 0, 0, 0, 0, 0, 0, 0]
2021-09-16 15:13:29,007 - INFO - preprocess.py - convert_rc_example - 130 - attention_masks: [1, 1, 1, 1, 1, 1, 1, 1, 1, 1, 1, 1, 1, 1, 1, 1, 1, 1, 1, 1, 1, 1, 1, 1, 1, 1, 1, 1, 1, 1, 1, 1, 1, 1, 1, 1, 1, 1, 1, 1, 1, 1, 1, 1, 1, 1, 1, 1, 1, 1, 1, 1, 1, 1, 1, 1, 1, 1, 1, 1, 1, 1, 1, 1, 1, 1, 0, 0, 0, 0, 0, 0, 0, 0, 0, 0, 0, 0, 0, 0, 0, 0, 0, 0, 0, 0, 0, 0, 0, 0, 0, 0, 0, 0, 0, 0, 0, 0, 0, 0, 0, 0, 0, 0, 0, 0, 0, 0, 0, 0, 0, 0, 0, 0, 0, 0, 0, 0, 0, 0, 0, 0, 0, 0, 0, 0, 0, 0, 0, 0, 0, 0, 0, 0, 0, 0, 0, 0, 0, 0, 0, 0, 0, 0]
2021-09-16 15:13:29,007 - INFO - preprocess.py - convert_rc_example - 131 - token_type_ids: [0, 0, 0, 0, 0, 0, 0, 0, 0, 0, 0, 0, 0, 0, 0, 0, 0, 0, 0, 0, 0, 0, 0, 0, 0, 0, 0, 0, 0, 0, 0, 0, 0, 0, 0, 0, 0, 0, 0, 0, 0, 0, 0, 0, 0, 0, 0, 0, 0, 0, 0, 0, 0, 0, 0, 0, 0, 0, 0, 0, 0, 0, 0, 0, 0, 0, 0, 0, 0, 0, 0, 0, 0, 0, 0, 0, 0, 0, 0, 0, 0, 0, 0, 0, 0, 0, 0, 0, 0, 0, 0, 0, 0, 0, 0, 0, 0, 0, 0, 0, 0, 0, 0, 0, 0, 0, 0, 0, 0, 0, 0, 0, 0, 0, 0, 0, 0, 0, 0, 0, 0, 0, 0, 0, 0, 0, 0, 0, 0, 0, 0, 0, 0, 0, 0, 0, 0, 0, 0, 0, 0, 0, 0, 0]
2021-09-16 15:13:29,007 - INFO - preprocess.py - convert_rc_example - 132 - span1_ids: [0, 0, 0, 0, 0, 0, 0, 1, 1, 0, 0, 0, 0, 0, 0, 0, 0, 0, 0, 0, 0, 0, 0, 0, 0, 0, 0, 0, 0, 0, 0, 0, 0, 0, 0, 0, 0, 0, 0, 0, 0, 0, 0, 0, 0, 0, 0, 0, 0, 0, 0, 0, 0, 0, 0, 0, 0, 0, 0, 0, 0, 0, 0, 0, 0, 0, 0, 0, 0, 0, 0, 0, 0, 0, 0, 0, 0, 0, 0, 0, 0, 0, 0, 0, 0, 0, 0, 0, 0, 0, 0, 0, 0, 0, 0, 0, 0, 0, 0, 0, 0, 0, 0, 0, 0, 0, 0, 0, 0, 0, 0, 0, 0, 0, 0, 0, 0, 0, 0, 0, 0, 0, 0, 0, 0, 0, 0, 0, 0, 0, 0, 0, 0, 0, 0, 0, 0, 0, 0, 0, 0, 0, 0, 0]
2021-09-16 15:13:29,007 - INFO - preprocess.py - convert_rc_example - 133 - span2_ids: [0, 0, 0, 0, 0, 0, 0, 0, 0, 0, 0, 0, 0, 0, 0, 0, 0, 0, 0, 0, 0, 0, 0, 0, 0, 0, 0, 0, 0, 0, 0, 0, 0, 0, 0, 0, 1, 1, 0, 0, 0, 0, 0, 0, 0, 0, 0, 0, 0, 0, 0, 0, 0, 0, 0, 0, 0, 0, 0, 0, 0, 0, 0, 0, 0, 0, 0, 0, 0, 0, 0, 0, 0, 0, 0, 0, 0, 0, 0, 0, 0, 0, 0, 0, 0, 0, 0, 0, 0, 0, 0, 0, 0, 0, 0, 0, 0, 0, 0, 0, 0, 0, 0, 0, 0, 0, 0, 0, 0, 0, 0, 0, 0, 0, 0, 0, 0, 0, 0, 0, 0, 0, 0, 0, 0, 0, 0, 0, 0, 0, 0, 0, 0, 0, 0, 0, 0, 0, 0, 0, 0, 0, 0, 0]
2021-09-16 15:13:29,007 - INFO - preprocess.py - convert_rc_example - 134 - label: 1
2021-09-16 15:13:29,008 - INFO - preprocess.py - convert_rc_example - 127 - *** dev_example-1 ***
2021-09-16 15:13:29,008 - INFO - preprocess.py - convert_rc_example - 128 - text ['有', '些', '这', '样', '的', '“', '洋', '人', '”', '就', '站', '在', '大', '众', '之', '间', '，', '如', '同', '鹤', '立', '鸡', '群', '，', '毫', '不', '掩', '饰', '自', '己', '的', '优', '越', '感', '。', '他', '们', '排', '在', '非', '凡', '的', '甲', '菜', '盆', '后', '面', '，', '虽', '然', '人', '数', '寥', '寥', '无', '几', '，', '但', '却', '特', '别', '惹', '眼', '。']
2021-09-16 15:13:29,008 - INFO - preprocess.py - convert_rc_example - 129 - token_ids: [101, 3300, 763, 6821, 3416, 4638, 100, 3817, 782, 100, 2218, 4991, 1762, 1920, 830, 722, 7313, 8024, 1963, 1398, 7911, 4989, 7883, 5408, 8024, 3690, 679, 2973, 7652, 5632, 2346, 4638, 831, 6632, 2697, 511, 800, 812, 2961, 1762, 7478, 1127, 4638, 4508, 5831, 4658, 1400, 7481, 8024, 6006, 4197, 782, 3144, 2178, 2178, 3187, 1126, 8024, 852, 1316, 4294, 1166, 2685, 4706, 511, 102, 0, 0, 0, 0, 0, 0, 0, 0, 0, 0, 0, 0, 0, 0, 0, 0, 0, 0, 0, 0, 0, 0, 0, 0, 0, 0, 0, 0, 0, 0, 0, 0, 0, 0, 0, 0, 0, 0, 0, 0, 0, 0, 0, 0, 0, 0, 0, 0, 0, 0, 0, 0, 0, 0, 0, 0, 0, 0, 0, 0, 0, 0, 0, 0, 0, 0, 0, 0, 0, 0, 0, 0, 0, 0, 0, 0, 0, 0]
2021-09-16 15:13:29,008 - INFO - preprocess.py - convert_rc_example - 130 - attention_masks: [1, 1, 1, 1, 1, 1, 1, 1, 1, 1, 1, 1, 1, 1, 1, 1, 1, 1, 1, 1, 1, 1, 1, 1, 1, 1, 1, 1, 1, 1, 1, 1, 1, 1, 1, 1, 1, 1, 1, 1, 1, 1, 1, 1, 1, 1, 1, 1, 1, 1, 1, 1, 1, 1, 1, 1, 1, 1, 1, 1, 1, 1, 1, 1, 1, 1, 0, 0, 0, 0, 0, 0, 0, 0, 0, 0, 0, 0, 0, 0, 0, 0, 0, 0, 0, 0, 0, 0, 0, 0, 0, 0, 0, 0, 0, 0, 0, 0, 0, 0, 0, 0, 0, 0, 0, 0, 0, 0, 0, 0, 0, 0, 0, 0, 0, 0, 0, 0, 0, 0, 0, 0, 0, 0, 0, 0, 0, 0, 0, 0, 0, 0, 0, 0, 0, 0, 0, 0, 0, 0, 0, 0, 0, 0]
2021-09-16 15:13:29,008 - INFO - preprocess.py - convert_rc_example - 131 - token_type_ids: [0, 0, 0, 0, 0, 0, 0, 0, 0, 0, 0, 0, 0, 0, 0, 0, 0, 0, 0, 0, 0, 0, 0, 0, 0, 0, 0, 0, 0, 0, 0, 0, 0, 0, 0, 0, 0, 0, 0, 0, 0, 0, 0, 0, 0, 0, 0, 0, 0, 0, 0, 0, 0, 0, 0, 0, 0, 0, 0, 0, 0, 0, 0, 0, 0, 0, 0, 0, 0, 0, 0, 0, 0, 0, 0, 0, 0, 0, 0, 0, 0, 0, 0, 0, 0, 0, 0, 0, 0, 0, 0, 0, 0, 0, 0, 0, 0, 0, 0, 0, 0, 0, 0, 0, 0, 0, 0, 0, 0, 0, 0, 0, 0, 0, 0, 0, 0, 0, 0, 0, 0, 0, 0, 0, 0, 0, 0, 0, 0, 0, 0, 0, 0, 0, 0, 0, 0, 0, 0, 0, 0, 0, 0, 0]
2021-09-16 15:13:29,008 - INFO - preprocess.py - convert_rc_example - 132 - span1_ids: [0, 0, 0, 0, 0, 0, 0, 0, 0, 0, 0, 0, 0, 1, 1, 0, 0, 0, 0, 0, 0, 0, 0, 0, 0, 0, 0, 0, 0, 0, 0, 0, 0, 0, 0, 0, 0, 0, 0, 0, 0, 0, 0, 0, 0, 0, 0, 0, 0, 0, 0, 0, 0, 0, 0, 0, 0, 0, 0, 0, 0, 0, 0, 0, 0, 0, 0, 0, 0, 0, 0, 0, 0, 0, 0, 0, 0, 0, 0, 0, 0, 0, 0, 0, 0, 0, 0, 0, 0, 0, 0, 0, 0, 0, 0, 0, 0, 0, 0, 0, 0, 0, 0, 0, 0, 0, 0, 0, 0, 0, 0, 0, 0, 0, 0, 0, 0, 0, 0, 0, 0, 0, 0, 0, 0, 0, 0, 0, 0, 0, 0, 0, 0, 0, 0, 0, 0, 0, 0, 0, 0, 0, 0, 0]
2021-09-16 15:13:29,008 - INFO - preprocess.py - convert_rc_example - 133 - span2_ids: [0, 0, 0, 0, 0, 0, 0, 0, 0, 0, 0, 0, 0, 0, 0, 0, 0, 0, 0, 0, 0, 0, 0, 0, 0, 0, 0, 0, 0, 0, 0, 0, 0, 0, 0, 0, 1, 1, 0, 0, 0, 0, 0, 0, 0, 0, 0, 0, 0, 0, 0, 0, 0, 0, 0, 0, 0, 0, 0, 0, 0, 0, 0, 0, 0, 0, 0, 0, 0, 0, 0, 0, 0, 0, 0, 0, 0, 0, 0, 0, 0, 0, 0, 0, 0, 0, 0, 0, 0, 0, 0, 0, 0, 0, 0, 0, 0, 0, 0, 0, 0, 0, 0, 0, 0, 0, 0, 0, 0, 0, 0, 0, 0, 0, 0, 0, 0, 0, 0, 0, 0, 0, 0, 0, 0, 0, 0, 0, 0, 0, 0, 0, 0, 0, 0, 0, 0, 0, 0, 0, 0, 0, 0, 0]
2021-09-16 15:13:29,008 - INFO - preprocess.py - convert_rc_example - 134 - label: 0
2021-09-16 15:13:29,008 - INFO - preprocess.py - convert_rc_example - 127 - *** dev_example-2 ***
2021-09-16 15:13:29,008 - INFO - preprocess.py - convert_rc_example - 128 - text ['当', '然', '，', '他', '自', '己', '的', '衣', '服', '还', '是', '老', '模', '样', '。', '一', '身', '家', '织', '的', '老', '粗', '布', '，', '尽', '管', '金', '波', '妈', '给', '他', '裁', '剪', '成', '制', '服', '式', '样', '，', '但', '仍', '然', '不', '能', '掩', '饰', '它', '本', '质', '上', '的', '土', '气', '。']
2021-09-16 15:13:29,009 - INFO - preprocess.py - convert_rc_example - 129 - token_ids: [101, 2496, 4197, 8024, 800, 5632, 2346, 4638, 6132, 3302, 6820, 3221, 5439, 3563, 3416, 511, 671, 6716, 2157, 5302, 4638, 5439, 5110, 2357, 8024, 2226, 5052, 7032, 3797, 1968, 5314, 800, 6161, 1198, 2768, 1169, 3302, 2466, 3416, 8024, 852, 793, 4197, 679, 5543, 2973, 7652, 2124, 3315, 6574, 677, 4638, 1759, 3698, 511, 102, 0, 0, 0, 0, 0, 0, 0, 0, 0, 0, 0, 0, 0, 0, 0, 0, 0, 0, 0, 0, 0, 0, 0, 0, 0, 0, 0, 0, 0, 0, 0, 0, 0, 0, 0, 0, 0, 0, 0, 0, 0, 0, 0, 0, 0, 0, 0, 0, 0, 0, 0, 0, 0, 0, 0, 0, 0, 0, 0, 0, 0, 0, 0, 0, 0, 0, 0, 0, 0, 0, 0, 0, 0, 0, 0, 0, 0, 0, 0, 0, 0, 0, 0, 0, 0, 0, 0, 0]
2021-09-16 15:13:29,009 - INFO - preprocess.py - convert_rc_example - 130 - attention_masks: [1, 1, 1, 1, 1, 1, 1, 1, 1, 1, 1, 1, 1, 1, 1, 1, 1, 1, 1, 1, 1, 1, 1, 1, 1, 1, 1, 1, 1, 1, 1, 1, 1, 1, 1, 1, 1, 1, 1, 1, 1, 1, 1, 1, 1, 1, 1, 1, 1, 1, 1, 1, 1, 1, 1, 1, 0, 0, 0, 0, 0, 0, 0, 0, 0, 0, 0, 0, 0, 0, 0, 0, 0, 0, 0, 0, 0, 0, 0, 0, 0, 0, 0, 0, 0, 0, 0, 0, 0, 0, 0, 0, 0, 0, 0, 0, 0, 0, 0, 0, 0, 0, 0, 0, 0, 0, 0, 0, 0, 0, 0, 0, 0, 0, 0, 0, 0, 0, 0, 0, 0, 0, 0, 0, 0, 0, 0, 0, 0, 0, 0, 0, 0, 0, 0, 0, 0, 0, 0, 0, 0, 0, 0, 0]
2021-09-16 15:13:29,009 - INFO - preprocess.py - convert_rc_example - 131 - token_type_ids: [0, 0, 0, 0, 0, 0, 0, 0, 0, 0, 0, 0, 0, 0, 0, 0, 0, 0, 0, 0, 0, 0, 0, 0, 0, 0, 0, 0, 0, 0, 0, 0, 0, 0, 0, 0, 0, 0, 0, 0, 0, 0, 0, 0, 0, 0, 0, 0, 0, 0, 0, 0, 0, 0, 0, 0, 0, 0, 0, 0, 0, 0, 0, 0, 0, 0, 0, 0, 0, 0, 0, 0, 0, 0, 0, 0, 0, 0, 0, 0, 0, 0, 0, 0, 0, 0, 0, 0, 0, 0, 0, 0, 0, 0, 0, 0, 0, 0, 0, 0, 0, 0, 0, 0, 0, 0, 0, 0, 0, 0, 0, 0, 0, 0, 0, 0, 0, 0, 0, 0, 0, 0, 0, 0, 0, 0, 0, 0, 0, 0, 0, 0, 0, 0, 0, 0, 0, 0, 0, 0, 0, 0, 0, 0]
2021-09-16 15:13:29,009 - INFO - preprocess.py - convert_rc_example - 132 - span1_ids: [0, 0, 0, 0, 0, 0, 0, 0, 1, 1, 0, 0, 0, 0, 0, 0, 0, 0, 0, 0, 0, 0, 0, 0, 0, 0, 0, 0, 0, 0, 0, 0, 0, 0, 0, 0, 0, 0, 0, 0, 0, 0, 0, 0, 0, 0, 0, 0, 0, 0, 0, 0, 0, 0, 0, 0, 0, 0, 0, 0, 0, 0, 0, 0, 0, 0, 0, 0, 0, 0, 0, 0, 0, 0, 0, 0, 0, 0, 0, 0, 0, 0, 0, 0, 0, 0, 0, 0, 0, 0, 0, 0, 0, 0, 0, 0, 0, 0, 0, 0, 0, 0, 0, 0, 0, 0, 0, 0, 0, 0, 0, 0, 0, 0, 0, 0, 0, 0, 0, 0, 0, 0, 0, 0, 0, 0, 0, 0, 0, 0, 0, 0, 0, 0, 0, 0, 0, 0, 0, 0, 0, 0, 0, 0]
2021-09-16 15:13:29,009 - INFO - preprocess.py - convert_rc_example - 133 - span2_ids: [0, 0, 0, 0, 0, 0, 0, 0, 0, 0, 0, 0, 0, 0, 0, 0, 0, 0, 0, 0, 0, 0, 0, 0, 0, 0, 0, 0, 0, 0, 0, 0, 0, 0, 0, 0, 0, 0, 0, 0, 0, 0, 0, 0, 0, 0, 0, 1, 0, 0, 0, 0, 0, 0, 0, 0, 0, 0, 0, 0, 0, 0, 0, 0, 0, 0, 0, 0, 0, 0, 0, 0, 0, 0, 0, 0, 0, 0, 0, 0, 0, 0, 0, 0, 0, 0, 0, 0, 0, 0, 0, 0, 0, 0, 0, 0, 0, 0, 0, 0, 0, 0, 0, 0, 0, 0, 0, 0, 0, 0, 0, 0, 0, 0, 0, 0, 0, 0, 0, 0, 0, 0, 0, 0, 0, 0, 0, 0, 0, 0, 0, 0, 0, 0, 0, 0, 0, 0, 0, 0, 0, 0, 0, 0]
2021-09-16 15:13:29,009 - INFO - preprocess.py - convert_rc_example - 134 - label: 1
2021-09-16 15:13:29,063 - INFO - preprocess.py - convert_examples_to_features - 165 - Build 304 features
2021-09-16 15:13:42,749 - INFO - main.py - train - 109 - [train] epoch:1/50 step:0/1000 loss:0.757078
2021-09-16 15:13:44,972 - INFO - main.py - train - 109 - [train] epoch:1/50 step:1/1000 loss:0.685636
2021-09-16 15:13:47,187 - INFO - main.py - train - 109 - [train] epoch:1/50 step:2/1000 loss:0.719550
2021-09-16 15:13:49,390 - INFO - main.py - train - 109 - [train] epoch:1/50 step:3/1000 loss:0.824751
2021-09-16 15:13:51,594 - INFO - main.py - train - 109 - [train] epoch:1/50 step:4/1000 loss:0.863060
2021-09-16 15:13:53,818 - INFO - main.py - train - 109 - [train] epoch:1/50 step:5/1000 loss:0.783733
2021-09-16 15:13:56,044 - INFO - main.py - train - 109 - [train] epoch:1/50 step:6/1000 loss:0.745418
2021-09-16 15:13:58,260 - INFO - main.py - train - 109 - [train] epoch:1/50 step:7/1000 loss:0.810561
2021-09-16 15:14:00,478 - INFO - main.py - train - 109 - [train] epoch:1/50 step:8/1000 loss:0.727674
2021-09-16 15:14:02,707 - INFO - main.py - train - 109 - [train] epoch:1/50 step:9/1000 loss:0.796528
2021-09-16 15:14:05,907 - INFO - main.py - train - 114 - [dev] loss:3.391514 accuracy:0.5888 precision:0.5888 recall:0.5888 f1:0.5888
2021-09-16 15:14:08,869 - INFO - main.py - train - 109 - [train] epoch:1/50 step:10/1000 loss:0.805812
2021-09-16 15:14:11,085 - INFO - main.py - train - 109 - [train] epoch:1/50 step:11/1000 loss:0.826630
2021-09-16 15:14:13,300 - INFO - main.py - train - 109 - [train] epoch:1/50 step:12/1000 loss:0.643544
2021-09-16 15:14:15,488 - INFO - main.py - train - 109 - [train] epoch:1/50 step:13/1000 loss:0.685708
2021-09-16 15:14:17,701 - INFO - main.py - train - 109 - [train] epoch:1/50 step:14/1000 loss:0.801922
2021-09-16 15:14:19,925 - INFO - main.py - train - 109 - [train] epoch:1/50 step:15/1000 loss:0.837767
2021-09-16 15:14:22,152 - INFO - main.py - train - 109 - [train] epoch:1/50 step:16/1000 loss:0.779527
2021-09-16 15:14:24,370 - INFO - main.py - train - 109 - [train] epoch:1/50 step:17/1000 loss:0.765186
2021-09-16 15:14:26,579 - INFO - main.py - train - 109 - [train] epoch:1/50 step:18/1000 loss:0.694885
2021-09-16 15:14:27,618 - INFO - main.py - train - 109 - [train] epoch:1/50 step:19/1000 loss:0.899788
2021-09-16 15:14:30,820 - INFO - main.py - train - 114 - [dev] loss:3.338192 accuracy:0.6086 precision:0.6086 recall:0.6086 f1:0.6086
2021-09-16 15:14:33,973 - INFO - main.py - train - 109 - [train] epoch:2/50 step:20/1000 loss:0.878528
2021-09-16 15:14:36,190 - INFO - main.py - train - 109 - [train] epoch:2/50 step:21/1000 loss:0.722181
2021-09-16 15:14:38,395 - INFO - main.py - train - 109 - [train] epoch:2/50 step:22/1000 loss:0.737490
2021-09-16 15:14:40,622 - INFO - main.py - train - 109 - [train] epoch:2/50 step:23/1000 loss:0.851583
2021-09-16 15:14:42,839 - INFO - main.py - train - 109 - [train] epoch:2/50 step:24/1000 loss:0.715129
2021-09-16 15:14:45,032 - INFO - main.py - train - 109 - [train] epoch:2/50 step:25/1000 loss:0.726394
2021-09-16 15:14:47,258 - INFO - main.py - train - 109 - [train] epoch:2/50 step:26/1000 loss:0.692702
2021-09-16 15:14:49,471 - INFO - main.py - train - 109 - [train] epoch:2/50 step:27/1000 loss:0.718148
2021-09-16 15:14:51,675 - INFO - main.py - train - 109 - [train] epoch:2/50 step:28/1000 loss:0.753996
2021-09-16 15:14:53,892 - INFO - main.py - train - 109 - [train] epoch:2/50 step:29/1000 loss:0.651639
2021-09-16 15:14:57,102 - INFO - main.py - train - 114 - [dev] loss:3.313860 accuracy:0.5987 precision:0.5987 recall:0.5987 f1:0.5987
2021-09-16 15:14:59,330 - INFO - main.py - train - 109 - [train] epoch:2/50 step:30/1000 loss:0.710002
2021-09-16 15:15:01,548 - INFO - main.py - train - 109 - [train] epoch:2/50 step:31/1000 loss:0.630534
2021-09-16 15:15:03,761 - INFO - main.py - train - 109 - [train] epoch:2/50 step:32/1000 loss:0.712205
2021-09-16 15:15:05,975 - INFO - main.py - train - 109 - [train] epoch:2/50 step:33/1000 loss:0.722422
2021-09-16 15:15:08,200 - INFO - main.py - train - 109 - [train] epoch:2/50 step:34/1000 loss:0.764736
2021-09-16 15:15:10,412 - INFO - main.py - train - 109 - [train] epoch:2/50 step:35/1000 loss:0.679849
2021-09-16 15:15:12,615 - INFO - main.py - train - 109 - [train] epoch:2/50 step:36/1000 loss:0.664187
2021-09-16 15:15:14,842 - INFO - main.py - train - 109 - [train] epoch:2/50 step:37/1000 loss:0.648806
2021-09-16 15:15:17,057 - INFO - main.py - train - 109 - [train] epoch:2/50 step:38/1000 loss:0.745165
2021-09-16 15:15:18,088 - INFO - main.py - train - 109 - [train] epoch:2/50 step:39/1000 loss:0.667548
2021-09-16 15:15:21,289 - INFO - main.py - train - 114 - [dev] loss:3.235026 accuracy:0.6316 precision:0.6316 recall:0.6316 f1:0.6316
2021-09-16 15:15:24,366 - INFO - main.py - train - 109 - [train] epoch:3/50 step:40/1000 loss:0.693188
2021-09-16 15:15:26,593 - INFO - main.py - train - 109 - [train] epoch:3/50 step:41/1000 loss:0.723591
2021-09-16 15:15:28,796 - INFO - main.py - train - 109 - [train] epoch:3/50 step:42/1000 loss:0.585863
2021-09-16 15:15:31,011 - INFO - main.py - train - 109 - [train] epoch:3/50 step:43/1000 loss:0.684486
2021-09-16 15:15:33,224 - INFO - main.py - train - 109 - [train] epoch:3/50 step:44/1000 loss:0.756336
2021-09-16 15:15:35,426 - INFO - main.py - train - 109 - [train] epoch:3/50 step:45/1000 loss:0.614910
2021-09-16 15:15:37,657 - INFO - main.py - train - 109 - [train] epoch:3/50 step:46/1000 loss:0.660336
2021-09-16 15:15:39,859 - INFO - main.py - train - 109 - [train] epoch:3/50 step:47/1000 loss:0.620846
2021-09-16 15:15:42,061 - INFO - main.py - train - 109 - [train] epoch:3/50 step:48/1000 loss:0.643189
2021-09-16 15:15:44,285 - INFO - main.py - train - 109 - [train] epoch:3/50 step:49/1000 loss:0.725295
2021-09-16 15:15:47,468 - INFO - main.py - train - 114 - [dev] loss:3.312041 accuracy:0.5724 precision:0.5724 recall:0.5724 f1:0.5724
2021-09-16 15:15:49,668 - INFO - main.py - train - 109 - [train] epoch:3/50 step:50/1000 loss:0.650406
2021-09-16 15:15:51,897 - INFO - main.py - train - 109 - [train] epoch:3/50 step:51/1000 loss:0.667029
2021-09-16 15:15:54,080 - INFO - main.py - train - 109 - [train] epoch:3/50 step:52/1000 loss:0.708663
2021-09-16 15:15:56,294 - INFO - main.py - train - 109 - [train] epoch:3/50 step:53/1000 loss:0.577818
2021-09-16 15:15:58,502 - INFO - main.py - train - 109 - [train] epoch:3/50 step:54/1000 loss:0.616457
2021-09-16 15:16:00,728 - INFO - main.py - train - 109 - [train] epoch:3/50 step:55/1000 loss:0.689349
2021-09-16 15:16:02,916 - INFO - main.py - train - 109 - [train] epoch:3/50 step:56/1000 loss:0.609489
2021-09-16 15:16:05,140 - INFO - main.py - train - 109 - [train] epoch:3/50 step:57/1000 loss:0.619288
2021-09-16 15:16:07,367 - INFO - main.py - train - 109 - [train] epoch:3/50 step:58/1000 loss:0.704498
2021-09-16 15:16:08,370 - INFO - main.py - train - 109 - [train] epoch:3/50 step:59/1000 loss:0.562457
2021-09-16 15:16:11,543 - INFO - main.py - train - 114 - [dev] loss:3.149741 accuracy:0.6546 precision:0.6546 recall:0.6546 f1:0.6546
2021-09-16 15:16:14,595 - INFO - main.py - train - 109 - [train] epoch:4/50 step:60/1000 loss:0.615580
2021-09-16 15:16:16,810 - INFO - main.py - train - 109 - [train] epoch:4/50 step:61/1000 loss:0.594048
2021-09-16 15:16:19,012 - INFO - main.py - train - 109 - [train] epoch:4/50 step:62/1000 loss:0.601042
2021-09-16 15:16:21,225 - INFO - main.py - train - 109 - [train] epoch:4/50 step:63/1000 loss:0.545398
2021-09-16 15:16:23,436 - INFO - main.py - train - 109 - [train] epoch:4/50 step:64/1000 loss:0.631651
2021-09-16 15:16:25,660 - INFO - main.py - train - 109 - [train] epoch:4/50 step:65/1000 loss:0.586514
2021-09-16 15:16:27,866 - INFO - main.py - train - 109 - [train] epoch:4/50 step:66/1000 loss:0.596994
2021-09-16 15:16:30,080 - INFO - main.py - train - 109 - [train] epoch:4/50 step:67/1000 loss:0.574562
2021-09-16 15:16:32,284 - INFO - main.py - train - 109 - [train] epoch:4/50 step:68/1000 loss:0.531500
2021-09-16 15:16:34,496 - INFO - main.py - train - 109 - [train] epoch:4/50 step:69/1000 loss:0.531527
2021-09-16 15:16:37,687 - INFO - main.py - train - 114 - [dev] loss:3.047779 accuracy:0.6447 precision:0.6447 recall:0.6447 f1:0.6447
2021-09-16 15:16:39,914 - INFO - main.py - train - 109 - [train] epoch:4/50 step:70/1000 loss:0.628693
2021-09-16 15:16:42,127 - INFO - main.py - train - 109 - [train] epoch:4/50 step:71/1000 loss:0.580001
2021-09-16 15:16:44,340 - INFO - main.py - train - 109 - [train] epoch:4/50 step:72/1000 loss:0.615047
2021-09-16 15:16:46,552 - INFO - main.py - train - 109 - [train] epoch:4/50 step:73/1000 loss:0.475275
2021-09-16 15:16:48,754 - INFO - main.py - train - 109 - [train] epoch:4/50 step:74/1000 loss:0.603746
2021-09-16 15:16:50,984 - INFO - main.py - train - 109 - [train] epoch:4/50 step:75/1000 loss:0.627535
2021-09-16 15:16:53,186 - INFO - main.py - train - 109 - [train] epoch:4/50 step:76/1000 loss:0.614332
2021-09-16 15:16:55,390 - INFO - main.py - train - 109 - [train] epoch:4/50 step:77/1000 loss:0.513105
2021-09-16 15:16:57,603 - INFO - main.py - train - 109 - [train] epoch:4/50 step:78/1000 loss:0.560815
2021-09-16 15:16:58,640 - INFO - main.py - train - 109 - [train] epoch:4/50 step:79/1000 loss:0.682756
2021-09-16 15:17:01,833 - INFO - main.py - train - 114 - [dev] loss:2.935279 accuracy:0.6546 precision:0.6546 recall:0.6546 f1:0.6546
2021-09-16 15:17:04,163 - INFO - main.py - train - 109 - [train] epoch:5/50 step:80/1000 loss:0.663188
2021-09-16 15:17:06,386 - INFO - main.py - train - 109 - [train] epoch:5/50 step:81/1000 loss:0.613974
2021-09-16 15:17:08,596 - INFO - main.py - train - 109 - [train] epoch:5/50 step:82/1000 loss:0.472228
2021-09-16 15:17:10,813 - INFO - main.py - train - 109 - [train] epoch:5/50 step:83/1000 loss:0.498805
2021-09-16 15:17:13,014 - INFO - main.py - train - 109 - [train] epoch:5/50 step:84/1000 loss:0.487200
2021-09-16 15:17:15,232 - INFO - main.py - train - 109 - [train] epoch:5/50 step:85/1000 loss:0.524369
2021-09-16 15:17:17,451 - INFO - main.py - train - 109 - [train] epoch:5/50 step:86/1000 loss:0.432469
2021-09-16 15:17:19,680 - INFO - main.py - train - 109 - [train] epoch:5/50 step:87/1000 loss:0.473573
2021-09-16 15:17:21,884 - INFO - main.py - train - 109 - [train] epoch:5/50 step:88/1000 loss:0.579859
2021-09-16 15:17:24,085 - INFO - main.py - train - 109 - [train] epoch:5/50 step:89/1000 loss:0.373764
2021-09-16 15:17:27,254 - INFO - main.py - train - 114 - [dev] loss:2.680391 accuracy:0.7467 precision:0.7467 recall:0.7467 f1:0.7467
2021-09-16 15:17:30,177 - INFO - main.py - train - 109 - [train] epoch:5/50 step:90/1000 loss:0.435524
2021-09-16 15:17:32,404 - INFO - main.py - train - 109 - [train] epoch:5/50 step:91/1000 loss:0.500007
2021-09-16 15:17:34,585 - INFO - main.py - train - 109 - [train] epoch:5/50 step:92/1000 loss:0.348715
2021-09-16 15:17:36,812 - INFO - main.py - train - 109 - [train] epoch:5/50 step:93/1000 loss:0.432154
2021-09-16 15:17:39,024 - INFO - main.py - train - 109 - [train] epoch:5/50 step:94/1000 loss:0.368557
2021-09-16 15:17:41,239 - INFO - main.py - train - 109 - [train] epoch:5/50 step:95/1000 loss:0.369886
2021-09-16 15:17:43,453 - INFO - main.py - train - 109 - [train] epoch:5/50 step:96/1000 loss:0.473924
2021-09-16 15:17:45,665 - INFO - main.py - train - 109 - [train] epoch:5/50 step:97/1000 loss:0.365261
2021-09-16 15:17:47,879 - INFO - main.py - train - 109 - [train] epoch:5/50 step:98/1000 loss:0.344825
2021-09-16 15:17:48,920 - INFO - main.py - train - 109 - [train] epoch:5/50 step:99/1000 loss:0.507893
2021-09-16 15:17:52,111 - INFO - main.py - train - 114 - [dev] loss:2.659179 accuracy:0.7632 precision:0.7632 recall:0.7632 f1:0.7632
2021-09-16 15:17:55,148 - INFO - main.py - train - 109 - [train] epoch:6/50 step:100/1000 loss:0.411092
2021-09-16 15:17:57,365 - INFO - main.py - train - 109 - [train] epoch:6/50 step:101/1000 loss:0.409275
2021-09-16 15:17:59,591 - INFO - main.py - train - 109 - [train] epoch:6/50 step:102/1000 loss:0.253360
2021-09-16 15:18:01,803 - INFO - main.py - train - 109 - [train] epoch:6/50 step:103/1000 loss:0.223032
2021-09-16 15:18:04,017 - INFO - main.py - train - 109 - [train] epoch:6/50 step:104/1000 loss:0.258226
2021-09-16 15:18:06,237 - INFO - main.py - train - 109 - [train] epoch:6/50 step:105/1000 loss:0.386662
2021-09-16 15:18:08,449 - INFO - main.py - train - 109 - [train] epoch:6/50 step:106/1000 loss:0.321216
2021-09-16 15:18:10,677 - INFO - main.py - train - 109 - [train] epoch:6/50 step:107/1000 loss:0.300123
2021-09-16 15:18:12,896 - INFO - main.py - train - 109 - [train] epoch:6/50 step:108/1000 loss:0.281387
2021-09-16 15:18:15,111 - INFO - main.py - train - 109 - [train] epoch:6/50 step:109/1000 loss:0.356977
2021-09-16 15:18:18,305 - INFO - main.py - train - 114 - [dev] loss:3.170155 accuracy:0.7270 precision:0.7270 recall:0.7270 f1:0.7270
2021-09-16 15:18:20,530 - INFO - main.py - train - 109 - [train] epoch:6/50 step:110/1000 loss:0.392467
2021-09-16 15:18:22,747 - INFO - main.py - train - 109 - [train] epoch:6/50 step:111/1000 loss:0.505206
2021-09-16 15:18:24,957 - INFO - main.py - train - 109 - [train] epoch:6/50 step:112/1000 loss:0.207627
2021-09-16 15:18:27,172 - INFO - main.py - train - 109 - [train] epoch:6/50 step:113/1000 loss:0.208875
2021-09-16 15:18:29,383 - INFO - main.py - train - 109 - [train] epoch:6/50 step:114/1000 loss:0.255060
2021-09-16 15:18:31,608 - INFO - main.py - train - 109 - [train] epoch:6/50 step:115/1000 loss:0.286358
2021-09-16 15:18:33,822 - INFO - main.py - train - 109 - [train] epoch:6/50 step:116/1000 loss:0.339322
2021-09-16 15:18:36,037 - INFO - main.py - train - 109 - [train] epoch:6/50 step:117/1000 loss:0.382858
2021-09-16 15:18:38,238 - INFO - main.py - train - 109 - [train] epoch:6/50 step:118/1000 loss:0.409965
2021-09-16 15:18:39,278 - INFO - main.py - train - 109 - [train] epoch:6/50 step:119/1000 loss:0.611424
2021-09-16 15:18:42,468 - INFO - main.py - train - 114 - [dev] loss:2.659267 accuracy:0.7533 precision:0.7533 recall:0.7533 f1:0.7533
2021-09-16 15:18:44,782 - INFO - main.py - train - 109 - [train] epoch:7/50 step:120/1000 loss:0.139934
2021-09-16 15:18:46,985 - INFO - main.py - train - 109 - [train] epoch:7/50 step:121/1000 loss:0.170010
2021-09-16 15:18:49,188 - INFO - main.py - train - 109 - [train] epoch:7/50 step:122/1000 loss:0.185028
2021-09-16 15:18:51,404 - INFO - main.py - train - 109 - [train] epoch:7/50 step:123/1000 loss:0.176977
2021-09-16 15:18:53,629 - INFO - main.py - train - 109 - [train] epoch:7/50 step:124/1000 loss:0.257168
2021-09-16 15:18:55,819 - INFO - main.py - train - 109 - [train] epoch:7/50 step:125/1000 loss:0.113332
2021-09-16 15:18:58,045 - INFO - main.py - train - 109 - [train] epoch:7/50 step:126/1000 loss:0.245894
2021-09-16 15:19:00,249 - INFO - main.py - train - 109 - [train] epoch:7/50 step:127/1000 loss:0.257876
2021-09-16 15:19:02,447 - INFO - main.py - train - 109 - [train] epoch:7/50 step:128/1000 loss:0.257086
2021-09-16 15:19:04,662 - INFO - main.py - train - 109 - [train] epoch:7/50 step:129/1000 loss:0.367093
2021-09-16 15:19:07,855 - INFO - main.py - train - 114 - [dev] loss:2.790892 accuracy:0.7763 precision:0.7763 recall:0.7763 f1:0.7763
2021-09-16 15:19:10,817 - INFO - main.py - train - 109 - [train] epoch:7/50 step:130/1000 loss:0.115470
2021-09-16 15:19:13,032 - INFO - main.py - train - 109 - [train] epoch:7/50 step:131/1000 loss:0.189640
2021-09-16 15:19:15,244 - INFO - main.py - train - 109 - [train] epoch:7/50 step:132/1000 loss:0.238688
2021-09-16 15:19:17,445 - INFO - main.py - train - 109 - [train] epoch:7/50 step:133/1000 loss:0.156110
2021-09-16 15:19:19,670 - INFO - main.py - train - 109 - [train] epoch:7/50 step:134/1000 loss:0.192420
2021-09-16 15:19:21,886 - INFO - main.py - train - 109 - [train] epoch:7/50 step:135/1000 loss:0.256963
2021-09-16 15:19:24,089 - INFO - main.py - train - 109 - [train] epoch:7/50 step:136/1000 loss:0.179750
2021-09-16 15:19:26,302 - INFO - main.py - train - 109 - [train] epoch:7/50 step:137/1000 loss:0.160401
2021-09-16 15:19:28,529 - INFO - main.py - train - 109 - [train] epoch:7/50 step:138/1000 loss:0.168107
2021-09-16 15:19:29,554 - INFO - main.py - train - 109 - [train] epoch:7/50 step:139/1000 loss:0.107534
2021-09-16 15:19:32,756 - INFO - main.py - train - 114 - [dev] loss:3.039502 accuracy:0.7632 precision:0.7632 recall:0.7632 f1:0.7632
2021-09-16 15:19:36,391 - INFO - main.py - test - 175 -               precision    recall  f1-score   support

           0       0.86      0.77      0.81       193
           1       0.66      0.78      0.72       111

    accuracy                           0.78       304
   macro avg       0.76      0.78      0.77       304
weighted avg       0.79      0.78      0.78       304

2021-09-16 15:19:36,396 - INFO - main.py - <module> - 273 - ===============================
2021-09-16 15:19:36,396 - INFO - main.py - <module> - 274 - text=作为代价，这个兵种在不拔剑的时候，他们看起来就跟普通的精锐没什么区别，顺带从这里也可以看出来曹操给曹真补了这五千多锐士是怎么个想法，很明显曹操也不是好鸟。
2021-09-16 15:33:09,382 - INFO - preprocess.py - convert_examples_to_features - 152 - Convert 1244 examples to features
2021-09-16 15:33:09,382 - INFO - preprocess.py - convert_rc_example - 127 - *** train_example-0 ***
2021-09-16 15:33:09,383 - INFO - preprocess.py - convert_rc_example - 128 - text ['裂', '开', '的', '伤', '口', '涂', '满', '尘', '土', '，', '里', '面', '有', '碎', '石', '子', '和', '木', '头', '刺', '，', '我', '小', '心', '翼', '翼', '把', '它', '们', '剔', '除', '出', '去', '。']
2021-09-16 15:33:09,383 - INFO - preprocess.py - convert_rc_example - 129 - token_ids: [101, 6162, 2458, 4638, 839, 1366, 3864, 4007, 2212, 1759, 8024, 7027, 7481, 3300, 4810, 4767, 2094, 1469, 3312, 1928, 1173, 8024, 2769, 2207, 2552, 5437, 5437, 2828, 2124, 812, 1188, 7370, 1139, 1343, 511, 102, 0, 0, 0, 0, 0, 0, 0, 0, 0, 0, 0, 0, 0, 0, 0, 0, 0, 0, 0, 0, 0, 0, 0, 0, 0, 0, 0, 0, 0, 0, 0, 0, 0, 0, 0, 0, 0, 0, 0, 0, 0, 0, 0, 0, 0, 0, 0, 0, 0, 0, 0, 0, 0, 0, 0, 0, 0, 0, 0, 0, 0, 0, 0, 0, 0, 0, 0, 0, 0, 0, 0, 0, 0, 0, 0, 0, 0, 0, 0, 0, 0, 0, 0, 0, 0, 0, 0, 0, 0, 0, 0, 0, 0, 0, 0, 0, 0, 0, 0, 0, 0, 0, 0, 0, 0, 0, 0, 0]
2021-09-16 15:33:09,383 - INFO - preprocess.py - convert_rc_example - 130 - attention_masks: [1, 1, 1, 1, 1, 1, 1, 1, 1, 1, 1, 1, 1, 1, 1, 1, 1, 1, 1, 1, 1, 1, 1, 1, 1, 1, 1, 1, 1, 1, 1, 1, 1, 1, 1, 1, 0, 0, 0, 0, 0, 0, 0, 0, 0, 0, 0, 0, 0, 0, 0, 0, 0, 0, 0, 0, 0, 0, 0, 0, 0, 0, 0, 0, 0, 0, 0, 0, 0, 0, 0, 0, 0, 0, 0, 0, 0, 0, 0, 0, 0, 0, 0, 0, 0, 0, 0, 0, 0, 0, 0, 0, 0, 0, 0, 0, 0, 0, 0, 0, 0, 0, 0, 0, 0, 0, 0, 0, 0, 0, 0, 0, 0, 0, 0, 0, 0, 0, 0, 0, 0, 0, 0, 0, 0, 0, 0, 0, 0, 0, 0, 0, 0, 0, 0, 0, 0, 0, 0, 0, 0, 0, 0, 0]
2021-09-16 15:33:09,383 - INFO - preprocess.py - convert_rc_example - 131 - token_type_ids: [0, 0, 0, 0, 0, 0, 0, 0, 0, 0, 0, 0, 0, 0, 0, 0, 0, 0, 0, 0, 0, 0, 0, 0, 0, 0, 0, 0, 0, 0, 0, 0, 0, 0, 0, 0, 0, 0, 0, 0, 0, 0, 0, 0, 0, 0, 0, 0, 0, 0, 0, 0, 0, 0, 0, 0, 0, 0, 0, 0, 0, 0, 0, 0, 0, 0, 0, 0, 0, 0, 0, 0, 0, 0, 0, 0, 0, 0, 0, 0, 0, 0, 0, 0, 0, 0, 0, 0, 0, 0, 0, 0, 0, 0, 0, 0, 0, 0, 0, 0, 0, 0, 0, 0, 0, 0, 0, 0, 0, 0, 0, 0, 0, 0, 0, 0, 0, 0, 0, 0, 0, 0, 0, 0, 0, 0, 0, 0, 0, 0, 0, 0, 0, 0, 0, 0, 0, 0, 0, 0, 0, 0, 0, 0]
2021-09-16 15:33:09,383 - INFO - preprocess.py - convert_rc_example - 132 - span1_ids: [0, 0, 0, 0, 1, 1, 0, 0, 0, 0, 0, 0, 0, 0, 0, 0, 0, 0, 0, 0, 0, 0, 0, 0, 0, 0, 0, 0, 0, 0, 0, 0, 0, 0, 0, 0, 0, 0, 0, 0, 0, 0, 0, 0, 0, 0, 0, 0, 0, 0, 0, 0, 0, 0, 0, 0, 0, 0, 0, 0, 0, 0, 0, 0, 0, 0, 0, 0, 0, 0, 0, 0, 0, 0, 0, 0, 0, 0, 0, 0, 0, 0, 0, 0, 0, 0, 0, 0, 0, 0, 0, 0, 0, 0, 0, 0, 0, 0, 0, 0, 0, 0, 0, 0, 0, 0, 0, 0, 0, 0, 0, 0, 0, 0, 0, 0, 0, 0, 0, 0, 0, 0, 0, 0, 0, 0, 0, 0, 0, 0, 0, 0, 0, 0, 0, 0, 0, 0, 0, 0, 0, 0, 0, 0]
2021-09-16 15:33:09,383 - INFO - preprocess.py - convert_rc_example - 133 - span2_ids: [0, 0, 0, 0, 0, 0, 0, 0, 0, 0, 0, 0, 0, 0, 0, 0, 0, 0, 0, 0, 0, 0, 0, 0, 0, 0, 0, 0, 1, 1, 0, 0, 0, 0, 0, 0, 0, 0, 0, 0, 0, 0, 0, 0, 0, 0, 0, 0, 0, 0, 0, 0, 0, 0, 0, 0, 0, 0, 0, 0, 0, 0, 0, 0, 0, 0, 0, 0, 0, 0, 0, 0, 0, 0, 0, 0, 0, 0, 0, 0, 0, 0, 0, 0, 0, 0, 0, 0, 0, 0, 0, 0, 0, 0, 0, 0, 0, 0, 0, 0, 0, 0, 0, 0, 0, 0, 0, 0, 0, 0, 0, 0, 0, 0, 0, 0, 0, 0, 0, 0, 0, 0, 0, 0, 0, 0, 0, 0, 0, 0, 0, 0, 0, 0, 0, 0, 0, 0, 0, 0, 0, 0, 0, 0]
2021-09-16 15:33:09,383 - INFO - preprocess.py - convert_rc_example - 134 - label: 0
2021-09-16 15:33:09,383 - INFO - preprocess.py - convert_rc_example - 127 - *** train_example-1 ***
2021-09-16 15:33:09,383 - INFO - preprocess.py - convert_rc_example - 128 - text ['裂', '开', '的', '伤', '口', '涂', '满', '尘', '土', '，', '里', '面', '有', '碎', '石', '子', '和', '木', '头', '刺', '，', '我', '小', '心', '翼', '翼', '把', '它', '们', '剔', '除', '出', '去', '。']
2021-09-16 15:33:09,383 - INFO - preprocess.py - convert_rc_example - 129 - token_ids: [101, 6162, 2458, 4638, 839, 1366, 3864, 4007, 2212, 1759, 8024, 7027, 7481, 3300, 4810, 4767, 2094, 1469, 3312, 1928, 1173, 8024, 2769, 2207, 2552, 5437, 5437, 2828, 2124, 812, 1188, 7370, 1139, 1343, 511, 102, 0, 0, 0, 0, 0, 0, 0, 0, 0, 0, 0, 0, 0, 0, 0, 0, 0, 0, 0, 0, 0, 0, 0, 0, 0, 0, 0, 0, 0, 0, 0, 0, 0, 0, 0, 0, 0, 0, 0, 0, 0, 0, 0, 0, 0, 0, 0, 0, 0, 0, 0, 0, 0, 0, 0, 0, 0, 0, 0, 0, 0, 0, 0, 0, 0, 0, 0, 0, 0, 0, 0, 0, 0, 0, 0, 0, 0, 0, 0, 0, 0, 0, 0, 0, 0, 0, 0, 0, 0, 0, 0, 0, 0, 0, 0, 0, 0, 0, 0, 0, 0, 0, 0, 0, 0, 0, 0, 0]
2021-09-16 15:33:09,383 - INFO - preprocess.py - convert_rc_example - 130 - attention_masks: [1, 1, 1, 1, 1, 1, 1, 1, 1, 1, 1, 1, 1, 1, 1, 1, 1, 1, 1, 1, 1, 1, 1, 1, 1, 1, 1, 1, 1, 1, 1, 1, 1, 1, 1, 1, 0, 0, 0, 0, 0, 0, 0, 0, 0, 0, 0, 0, 0, 0, 0, 0, 0, 0, 0, 0, 0, 0, 0, 0, 0, 0, 0, 0, 0, 0, 0, 0, 0, 0, 0, 0, 0, 0, 0, 0, 0, 0, 0, 0, 0, 0, 0, 0, 0, 0, 0, 0, 0, 0, 0, 0, 0, 0, 0, 0, 0, 0, 0, 0, 0, 0, 0, 0, 0, 0, 0, 0, 0, 0, 0, 0, 0, 0, 0, 0, 0, 0, 0, 0, 0, 0, 0, 0, 0, 0, 0, 0, 0, 0, 0, 0, 0, 0, 0, 0, 0, 0, 0, 0, 0, 0, 0, 0]
2021-09-16 15:33:09,384 - INFO - preprocess.py - convert_rc_example - 131 - token_type_ids: [0, 0, 0, 0, 0, 0, 0, 0, 0, 0, 0, 0, 0, 0, 0, 0, 0, 0, 0, 0, 0, 0, 0, 0, 0, 0, 0, 0, 0, 0, 0, 0, 0, 0, 0, 0, 0, 0, 0, 0, 0, 0, 0, 0, 0, 0, 0, 0, 0, 0, 0, 0, 0, 0, 0, 0, 0, 0, 0, 0, 0, 0, 0, 0, 0, 0, 0, 0, 0, 0, 0, 0, 0, 0, 0, 0, 0, 0, 0, 0, 0, 0, 0, 0, 0, 0, 0, 0, 0, 0, 0, 0, 0, 0, 0, 0, 0, 0, 0, 0, 0, 0, 0, 0, 0, 0, 0, 0, 0, 0, 0, 0, 0, 0, 0, 0, 0, 0, 0, 0, 0, 0, 0, 0, 0, 0, 0, 0, 0, 0, 0, 0, 0, 0, 0, 0, 0, 0, 0, 0, 0, 0, 0, 0]
2021-09-16 15:33:09,384 - INFO - preprocess.py - convert_rc_example - 132 - span1_ids: [0, 0, 0, 0, 0, 0, 0, 0, 1, 1, 0, 0, 0, 0, 0, 0, 0, 0, 0, 0, 0, 0, 0, 0, 0, 0, 0, 0, 0, 0, 0, 0, 0, 0, 0, 0, 0, 0, 0, 0, 0, 0, 0, 0, 0, 0, 0, 0, 0, 0, 0, 0, 0, 0, 0, 0, 0, 0, 0, 0, 0, 0, 0, 0, 0, 0, 0, 0, 0, 0, 0, 0, 0, 0, 0, 0, 0, 0, 0, 0, 0, 0, 0, 0, 0, 0, 0, 0, 0, 0, 0, 0, 0, 0, 0, 0, 0, 0, 0, 0, 0, 0, 0, 0, 0, 0, 0, 0, 0, 0, 0, 0, 0, 0, 0, 0, 0, 0, 0, 0, 0, 0, 0, 0, 0, 0, 0, 0, 0, 0, 0, 0, 0, 0, 0, 0, 0, 0, 0, 0, 0, 0, 0, 0]
2021-09-16 15:33:09,384 - INFO - preprocess.py - convert_rc_example - 133 - span2_ids: [0, 0, 0, 0, 0, 0, 0, 0, 0, 0, 0, 0, 0, 0, 0, 0, 0, 0, 0, 0, 0, 0, 0, 0, 0, 0, 0, 0, 1, 1, 0, 0, 0, 0, 0, 0, 0, 0, 0, 0, 0, 0, 0, 0, 0, 0, 0, 0, 0, 0, 0, 0, 0, 0, 0, 0, 0, 0, 0, 0, 0, 0, 0, 0, 0, 0, 0, 0, 0, 0, 0, 0, 0, 0, 0, 0, 0, 0, 0, 0, 0, 0, 0, 0, 0, 0, 0, 0, 0, 0, 0, 0, 0, 0, 0, 0, 0, 0, 0, 0, 0, 0, 0, 0, 0, 0, 0, 0, 0, 0, 0, 0, 0, 0, 0, 0, 0, 0, 0, 0, 0, 0, 0, 0, 0, 0, 0, 0, 0, 0, 0, 0, 0, 0, 0, 0, 0, 0, 0, 0, 0, 0, 0, 0]
2021-09-16 15:33:09,384 - INFO - preprocess.py - convert_rc_example - 134 - label: 0
2021-09-16 15:33:09,384 - INFO - preprocess.py - convert_rc_example - 127 - *** train_example-2 ***
2021-09-16 15:33:09,384 - INFO - preprocess.py - convert_rc_example - 128 - text ['裂', '开', '的', '伤', '口', '涂', '满', '尘', '土', '，', '里', '面', '有', '碎', '石', '子', '和', '木', '头', '刺', '，', '我', '小', '心', '翼', '翼', '把', '它', '们', '剔', '除', '出', '去', '。']
2021-09-16 15:33:09,384 - INFO - preprocess.py - convert_rc_example - 129 - token_ids: [101, 6162, 2458, 4638, 839, 1366, 3864, 4007, 2212, 1759, 8024, 7027, 7481, 3300, 4810, 4767, 2094, 1469, 3312, 1928, 1173, 8024, 2769, 2207, 2552, 5437, 5437, 2828, 2124, 812, 1188, 7370, 1139, 1343, 511, 102, 0, 0, 0, 0, 0, 0, 0, 0, 0, 0, 0, 0, 0, 0, 0, 0, 0, 0, 0, 0, 0, 0, 0, 0, 0, 0, 0, 0, 0, 0, 0, 0, 0, 0, 0, 0, 0, 0, 0, 0, 0, 0, 0, 0, 0, 0, 0, 0, 0, 0, 0, 0, 0, 0, 0, 0, 0, 0, 0, 0, 0, 0, 0, 0, 0, 0, 0, 0, 0, 0, 0, 0, 0, 0, 0, 0, 0, 0, 0, 0, 0, 0, 0, 0, 0, 0, 0, 0, 0, 0, 0, 0, 0, 0, 0, 0, 0, 0, 0, 0, 0, 0, 0, 0, 0, 0, 0, 0]
2021-09-16 15:33:09,384 - INFO - preprocess.py - convert_rc_example - 130 - attention_masks: [1, 1, 1, 1, 1, 1, 1, 1, 1, 1, 1, 1, 1, 1, 1, 1, 1, 1, 1, 1, 1, 1, 1, 1, 1, 1, 1, 1, 1, 1, 1, 1, 1, 1, 1, 1, 0, 0, 0, 0, 0, 0, 0, 0, 0, 0, 0, 0, 0, 0, 0, 0, 0, 0, 0, 0, 0, 0, 0, 0, 0, 0, 0, 0, 0, 0, 0, 0, 0, 0, 0, 0, 0, 0, 0, 0, 0, 0, 0, 0, 0, 0, 0, 0, 0, 0, 0, 0, 0, 0, 0, 0, 0, 0, 0, 0, 0, 0, 0, 0, 0, 0, 0, 0, 0, 0, 0, 0, 0, 0, 0, 0, 0, 0, 0, 0, 0, 0, 0, 0, 0, 0, 0, 0, 0, 0, 0, 0, 0, 0, 0, 0, 0, 0, 0, 0, 0, 0, 0, 0, 0, 0, 0, 0]
2021-09-16 15:33:09,384 - INFO - preprocess.py - convert_rc_example - 131 - token_type_ids: [0, 0, 0, 0, 0, 0, 0, 0, 0, 0, 0, 0, 0, 0, 0, 0, 0, 0, 0, 0, 0, 0, 0, 0, 0, 0, 0, 0, 0, 0, 0, 0, 0, 0, 0, 0, 0, 0, 0, 0, 0, 0, 0, 0, 0, 0, 0, 0, 0, 0, 0, 0, 0, 0, 0, 0, 0, 0, 0, 0, 0, 0, 0, 0, 0, 0, 0, 0, 0, 0, 0, 0, 0, 0, 0, 0, 0, 0, 0, 0, 0, 0, 0, 0, 0, 0, 0, 0, 0, 0, 0, 0, 0, 0, 0, 0, 0, 0, 0, 0, 0, 0, 0, 0, 0, 0, 0, 0, 0, 0, 0, 0, 0, 0, 0, 0, 0, 0, 0, 0, 0, 0, 0, 0, 0, 0, 0, 0, 0, 0, 0, 0, 0, 0, 0, 0, 0, 0, 0, 0, 0, 0, 0, 0]
2021-09-16 15:33:09,384 - INFO - preprocess.py - convert_rc_example - 132 - span1_ids: [0, 0, 0, 0, 0, 0, 0, 0, 0, 0, 0, 0, 0, 0, 1, 1, 1, 1, 1, 1, 1, 0, 0, 0, 0, 0, 0, 0, 0, 0, 0, 0, 0, 0, 0, 0, 0, 0, 0, 0, 0, 0, 0, 0, 0, 0, 0, 0, 0, 0, 0, 0, 0, 0, 0, 0, 0, 0, 0, 0, 0, 0, 0, 0, 0, 0, 0, 0, 0, 0, 0, 0, 0, 0, 0, 0, 0, 0, 0, 0, 0, 0, 0, 0, 0, 0, 0, 0, 0, 0, 0, 0, 0, 0, 0, 0, 0, 0, 0, 0, 0, 0, 0, 0, 0, 0, 0, 0, 0, 0, 0, 0, 0, 0, 0, 0, 0, 0, 0, 0, 0, 0, 0, 0, 0, 0, 0, 0, 0, 0, 0, 0, 0, 0, 0, 0, 0, 0, 0, 0, 0, 0, 0, 0]
2021-09-16 15:33:09,384 - INFO - preprocess.py - convert_rc_example - 133 - span2_ids: [0, 0, 0, 0, 0, 0, 0, 0, 0, 0, 0, 0, 0, 0, 0, 0, 0, 0, 0, 0, 0, 0, 0, 0, 0, 0, 0, 0, 1, 1, 0, 0, 0, 0, 0, 0, 0, 0, 0, 0, 0, 0, 0, 0, 0, 0, 0, 0, 0, 0, 0, 0, 0, 0, 0, 0, 0, 0, 0, 0, 0, 0, 0, 0, 0, 0, 0, 0, 0, 0, 0, 0, 0, 0, 0, 0, 0, 0, 0, 0, 0, 0, 0, 0, 0, 0, 0, 0, 0, 0, 0, 0, 0, 0, 0, 0, 0, 0, 0, 0, 0, 0, 0, 0, 0, 0, 0, 0, 0, 0, 0, 0, 0, 0, 0, 0, 0, 0, 0, 0, 0, 0, 0, 0, 0, 0, 0, 0, 0, 0, 0, 0, 0, 0, 0, 0, 0, 0, 0, 0, 0, 0, 0, 0]
2021-09-16 15:33:09,384 - INFO - preprocess.py - convert_rc_example - 134 - label: 1
2021-09-16 15:33:09,611 - INFO - preprocess.py - convert_examples_to_features - 165 - Build 1244 features
2021-09-16 15:33:09,674 - INFO - preprocess.py - convert_examples_to_features - 152 - Convert 304 examples to features
2021-09-16 15:33:09,674 - INFO - preprocess.py - convert_rc_example - 127 - *** dev_example-0 ***
2021-09-16 15:33:09,674 - INFO - preprocess.py - convert_rc_example - 128 - text ['有', '些', '这', '样', '的', '“', '洋', '人', '”', '就', '站', '在', '大', '众', '之', '间', '，', '如', '同', '鹤', '立', '鸡', '群', '，', '毫', '不', '掩', '饰', '自', '己', '的', '优', '越', '感', '。', '他', '们', '排', '在', '非', '凡', '的', '甲', '菜', '盆', '后', '面', '，', '虽', '然', '人', '数', '寥', '寥', '无', '几', '，', '但', '却', '特', '别', '惹', '眼', '。']
2021-09-16 15:33:09,674 - INFO - preprocess.py - convert_rc_example - 129 - token_ids: [101, 3300, 763, 6821, 3416, 4638, 100, 3817, 782, 100, 2218, 4991, 1762, 1920, 830, 722, 7313, 8024, 1963, 1398, 7911, 4989, 7883, 5408, 8024, 3690, 679, 2973, 7652, 5632, 2346, 4638, 831, 6632, 2697, 511, 800, 812, 2961, 1762, 7478, 1127, 4638, 4508, 5831, 4658, 1400, 7481, 8024, 6006, 4197, 782, 3144, 2178, 2178, 3187, 1126, 8024, 852, 1316, 4294, 1166, 2685, 4706, 511, 102, 0, 0, 0, 0, 0, 0, 0, 0, 0, 0, 0, 0, 0, 0, 0, 0, 0, 0, 0, 0, 0, 0, 0, 0, 0, 0, 0, 0, 0, 0, 0, 0, 0, 0, 0, 0, 0, 0, 0, 0, 0, 0, 0, 0, 0, 0, 0, 0, 0, 0, 0, 0, 0, 0, 0, 0, 0, 0, 0, 0, 0, 0, 0, 0, 0, 0, 0, 0, 0, 0, 0, 0, 0, 0, 0, 0, 0, 0]
2021-09-16 15:33:09,675 - INFO - preprocess.py - convert_rc_example - 130 - attention_masks: [1, 1, 1, 1, 1, 1, 1, 1, 1, 1, 1, 1, 1, 1, 1, 1, 1, 1, 1, 1, 1, 1, 1, 1, 1, 1, 1, 1, 1, 1, 1, 1, 1, 1, 1, 1, 1, 1, 1, 1, 1, 1, 1, 1, 1, 1, 1, 1, 1, 1, 1, 1, 1, 1, 1, 1, 1, 1, 1, 1, 1, 1, 1, 1, 1, 1, 0, 0, 0, 0, 0, 0, 0, 0, 0, 0, 0, 0, 0, 0, 0, 0, 0, 0, 0, 0, 0, 0, 0, 0, 0, 0, 0, 0, 0, 0, 0, 0, 0, 0, 0, 0, 0, 0, 0, 0, 0, 0, 0, 0, 0, 0, 0, 0, 0, 0, 0, 0, 0, 0, 0, 0, 0, 0, 0, 0, 0, 0, 0, 0, 0, 0, 0, 0, 0, 0, 0, 0, 0, 0, 0, 0, 0, 0]
2021-09-16 15:33:09,675 - INFO - preprocess.py - convert_rc_example - 131 - token_type_ids: [0, 0, 0, 0, 0, 0, 0, 0, 0, 0, 0, 0, 0, 0, 0, 0, 0, 0, 0, 0, 0, 0, 0, 0, 0, 0, 0, 0, 0, 0, 0, 0, 0, 0, 0, 0, 0, 0, 0, 0, 0, 0, 0, 0, 0, 0, 0, 0, 0, 0, 0, 0, 0, 0, 0, 0, 0, 0, 0, 0, 0, 0, 0, 0, 0, 0, 0, 0, 0, 0, 0, 0, 0, 0, 0, 0, 0, 0, 0, 0, 0, 0, 0, 0, 0, 0, 0, 0, 0, 0, 0, 0, 0, 0, 0, 0, 0, 0, 0, 0, 0, 0, 0, 0, 0, 0, 0, 0, 0, 0, 0, 0, 0, 0, 0, 0, 0, 0, 0, 0, 0, 0, 0, 0, 0, 0, 0, 0, 0, 0, 0, 0, 0, 0, 0, 0, 0, 0, 0, 0, 0, 0, 0, 0]
2021-09-16 15:33:09,675 - INFO - preprocess.py - convert_rc_example - 132 - span1_ids: [0, 0, 0, 0, 0, 0, 0, 1, 1, 0, 0, 0, 0, 0, 0, 0, 0, 0, 0, 0, 0, 0, 0, 0, 0, 0, 0, 0, 0, 0, 0, 0, 0, 0, 0, 0, 0, 0, 0, 0, 0, 0, 0, 0, 0, 0, 0, 0, 0, 0, 0, 0, 0, 0, 0, 0, 0, 0, 0, 0, 0, 0, 0, 0, 0, 0, 0, 0, 0, 0, 0, 0, 0, 0, 0, 0, 0, 0, 0, 0, 0, 0, 0, 0, 0, 0, 0, 0, 0, 0, 0, 0, 0, 0, 0, 0, 0, 0, 0, 0, 0, 0, 0, 0, 0, 0, 0, 0, 0, 0, 0, 0, 0, 0, 0, 0, 0, 0, 0, 0, 0, 0, 0, 0, 0, 0, 0, 0, 0, 0, 0, 0, 0, 0, 0, 0, 0, 0, 0, 0, 0, 0, 0, 0]
2021-09-16 15:33:09,675 - INFO - preprocess.py - convert_rc_example - 133 - span2_ids: [0, 0, 0, 0, 0, 0, 0, 0, 0, 0, 0, 0, 0, 0, 0, 0, 0, 0, 0, 0, 0, 0, 0, 0, 0, 0, 0, 0, 0, 0, 0, 0, 0, 0, 0, 0, 1, 1, 0, 0, 0, 0, 0, 0, 0, 0, 0, 0, 0, 0, 0, 0, 0, 0, 0, 0, 0, 0, 0, 0, 0, 0, 0, 0, 0, 0, 0, 0, 0, 0, 0, 0, 0, 0, 0, 0, 0, 0, 0, 0, 0, 0, 0, 0, 0, 0, 0, 0, 0, 0, 0, 0, 0, 0, 0, 0, 0, 0, 0, 0, 0, 0, 0, 0, 0, 0, 0, 0, 0, 0, 0, 0, 0, 0, 0, 0, 0, 0, 0, 0, 0, 0, 0, 0, 0, 0, 0, 0, 0, 0, 0, 0, 0, 0, 0, 0, 0, 0, 0, 0, 0, 0, 0, 0]
2021-09-16 15:33:09,675 - INFO - preprocess.py - convert_rc_example - 134 - label: 1
2021-09-16 15:33:09,675 - INFO - preprocess.py - convert_rc_example - 127 - *** dev_example-1 ***
2021-09-16 15:33:09,675 - INFO - preprocess.py - convert_rc_example - 128 - text ['有', '些', '这', '样', '的', '“', '洋', '人', '”', '就', '站', '在', '大', '众', '之', '间', '，', '如', '同', '鹤', '立', '鸡', '群', '，', '毫', '不', '掩', '饰', '自', '己', '的', '优', '越', '感', '。', '他', '们', '排', '在', '非', '凡', '的', '甲', '菜', '盆', '后', '面', '，', '虽', '然', '人', '数', '寥', '寥', '无', '几', '，', '但', '却', '特', '别', '惹', '眼', '。']
2021-09-16 15:33:09,675 - INFO - preprocess.py - convert_rc_example - 129 - token_ids: [101, 3300, 763, 6821, 3416, 4638, 100, 3817, 782, 100, 2218, 4991, 1762, 1920, 830, 722, 7313, 8024, 1963, 1398, 7911, 4989, 7883, 5408, 8024, 3690, 679, 2973, 7652, 5632, 2346, 4638, 831, 6632, 2697, 511, 800, 812, 2961, 1762, 7478, 1127, 4638, 4508, 5831, 4658, 1400, 7481, 8024, 6006, 4197, 782, 3144, 2178, 2178, 3187, 1126, 8024, 852, 1316, 4294, 1166, 2685, 4706, 511, 102, 0, 0, 0, 0, 0, 0, 0, 0, 0, 0, 0, 0, 0, 0, 0, 0, 0, 0, 0, 0, 0, 0, 0, 0, 0, 0, 0, 0, 0, 0, 0, 0, 0, 0, 0, 0, 0, 0, 0, 0, 0, 0, 0, 0, 0, 0, 0, 0, 0, 0, 0, 0, 0, 0, 0, 0, 0, 0, 0, 0, 0, 0, 0, 0, 0, 0, 0, 0, 0, 0, 0, 0, 0, 0, 0, 0, 0, 0]
2021-09-16 15:33:09,675 - INFO - preprocess.py - convert_rc_example - 130 - attention_masks: [1, 1, 1, 1, 1, 1, 1, 1, 1, 1, 1, 1, 1, 1, 1, 1, 1, 1, 1, 1, 1, 1, 1, 1, 1, 1, 1, 1, 1, 1, 1, 1, 1, 1, 1, 1, 1, 1, 1, 1, 1, 1, 1, 1, 1, 1, 1, 1, 1, 1, 1, 1, 1, 1, 1, 1, 1, 1, 1, 1, 1, 1, 1, 1, 1, 1, 0, 0, 0, 0, 0, 0, 0, 0, 0, 0, 0, 0, 0, 0, 0, 0, 0, 0, 0, 0, 0, 0, 0, 0, 0, 0, 0, 0, 0, 0, 0, 0, 0, 0, 0, 0, 0, 0, 0, 0, 0, 0, 0, 0, 0, 0, 0, 0, 0, 0, 0, 0, 0, 0, 0, 0, 0, 0, 0, 0, 0, 0, 0, 0, 0, 0, 0, 0, 0, 0, 0, 0, 0, 0, 0, 0, 0, 0]
2021-09-16 15:33:09,675 - INFO - preprocess.py - convert_rc_example - 131 - token_type_ids: [0, 0, 0, 0, 0, 0, 0, 0, 0, 0, 0, 0, 0, 0, 0, 0, 0, 0, 0, 0, 0, 0, 0, 0, 0, 0, 0, 0, 0, 0, 0, 0, 0, 0, 0, 0, 0, 0, 0, 0, 0, 0, 0, 0, 0, 0, 0, 0, 0, 0, 0, 0, 0, 0, 0, 0, 0, 0, 0, 0, 0, 0, 0, 0, 0, 0, 0, 0, 0, 0, 0, 0, 0, 0, 0, 0, 0, 0, 0, 0, 0, 0, 0, 0, 0, 0, 0, 0, 0, 0, 0, 0, 0, 0, 0, 0, 0, 0, 0, 0, 0, 0, 0, 0, 0, 0, 0, 0, 0, 0, 0, 0, 0, 0, 0, 0, 0, 0, 0, 0, 0, 0, 0, 0, 0, 0, 0, 0, 0, 0, 0, 0, 0, 0, 0, 0, 0, 0, 0, 0, 0, 0, 0, 0]
2021-09-16 15:33:09,675 - INFO - preprocess.py - convert_rc_example - 132 - span1_ids: [0, 0, 0, 0, 0, 0, 0, 0, 0, 0, 0, 0, 0, 1, 1, 0, 0, 0, 0, 0, 0, 0, 0, 0, 0, 0, 0, 0, 0, 0, 0, 0, 0, 0, 0, 0, 0, 0, 0, 0, 0, 0, 0, 0, 0, 0, 0, 0, 0, 0, 0, 0, 0, 0, 0, 0, 0, 0, 0, 0, 0, 0, 0, 0, 0, 0, 0, 0, 0, 0, 0, 0, 0, 0, 0, 0, 0, 0, 0, 0, 0, 0, 0, 0, 0, 0, 0, 0, 0, 0, 0, 0, 0, 0, 0, 0, 0, 0, 0, 0, 0, 0, 0, 0, 0, 0, 0, 0, 0, 0, 0, 0, 0, 0, 0, 0, 0, 0, 0, 0, 0, 0, 0, 0, 0, 0, 0, 0, 0, 0, 0, 0, 0, 0, 0, 0, 0, 0, 0, 0, 0, 0, 0, 0]
2021-09-16 15:33:09,675 - INFO - preprocess.py - convert_rc_example - 133 - span2_ids: [0, 0, 0, 0, 0, 0, 0, 0, 0, 0, 0, 0, 0, 0, 0, 0, 0, 0, 0, 0, 0, 0, 0, 0, 0, 0, 0, 0, 0, 0, 0, 0, 0, 0, 0, 0, 1, 1, 0, 0, 0, 0, 0, 0, 0, 0, 0, 0, 0, 0, 0, 0, 0, 0, 0, 0, 0, 0, 0, 0, 0, 0, 0, 0, 0, 0, 0, 0, 0, 0, 0, 0, 0, 0, 0, 0, 0, 0, 0, 0, 0, 0, 0, 0, 0, 0, 0, 0, 0, 0, 0, 0, 0, 0, 0, 0, 0, 0, 0, 0, 0, 0, 0, 0, 0, 0, 0, 0, 0, 0, 0, 0, 0, 0, 0, 0, 0, 0, 0, 0, 0, 0, 0, 0, 0, 0, 0, 0, 0, 0, 0, 0, 0, 0, 0, 0, 0, 0, 0, 0, 0, 0, 0, 0]
2021-09-16 15:33:09,676 - INFO - preprocess.py - convert_rc_example - 134 - label: 0
2021-09-16 15:33:09,676 - INFO - preprocess.py - convert_rc_example - 127 - *** dev_example-2 ***
2021-09-16 15:33:09,676 - INFO - preprocess.py - convert_rc_example - 128 - text ['当', '然', '，', '他', '自', '己', '的', '衣', '服', '还', '是', '老', '模', '样', '。', '一', '身', '家', '织', '的', '老', '粗', '布', '，', '尽', '管', '金', '波', '妈', '给', '他', '裁', '剪', '成', '制', '服', '式', '样', '，', '但', '仍', '然', '不', '能', '掩', '饰', '它', '本', '质', '上', '的', '土', '气', '。']
2021-09-16 15:33:09,676 - INFO - preprocess.py - convert_rc_example - 129 - token_ids: [101, 2496, 4197, 8024, 800, 5632, 2346, 4638, 6132, 3302, 6820, 3221, 5439, 3563, 3416, 511, 671, 6716, 2157, 5302, 4638, 5439, 5110, 2357, 8024, 2226, 5052, 7032, 3797, 1968, 5314, 800, 6161, 1198, 2768, 1169, 3302, 2466, 3416, 8024, 852, 793, 4197, 679, 5543, 2973, 7652, 2124, 3315, 6574, 677, 4638, 1759, 3698, 511, 102, 0, 0, 0, 0, 0, 0, 0, 0, 0, 0, 0, 0, 0, 0, 0, 0, 0, 0, 0, 0, 0, 0, 0, 0, 0, 0, 0, 0, 0, 0, 0, 0, 0, 0, 0, 0, 0, 0, 0, 0, 0, 0, 0, 0, 0, 0, 0, 0, 0, 0, 0, 0, 0, 0, 0, 0, 0, 0, 0, 0, 0, 0, 0, 0, 0, 0, 0, 0, 0, 0, 0, 0, 0, 0, 0, 0, 0, 0, 0, 0, 0, 0, 0, 0, 0, 0, 0, 0]
2021-09-16 15:33:09,676 - INFO - preprocess.py - convert_rc_example - 130 - attention_masks: [1, 1, 1, 1, 1, 1, 1, 1, 1, 1, 1, 1, 1, 1, 1, 1, 1, 1, 1, 1, 1, 1, 1, 1, 1, 1, 1, 1, 1, 1, 1, 1, 1, 1, 1, 1, 1, 1, 1, 1, 1, 1, 1, 1, 1, 1, 1, 1, 1, 1, 1, 1, 1, 1, 1, 1, 0, 0, 0, 0, 0, 0, 0, 0, 0, 0, 0, 0, 0, 0, 0, 0, 0, 0, 0, 0, 0, 0, 0, 0, 0, 0, 0, 0, 0, 0, 0, 0, 0, 0, 0, 0, 0, 0, 0, 0, 0, 0, 0, 0, 0, 0, 0, 0, 0, 0, 0, 0, 0, 0, 0, 0, 0, 0, 0, 0, 0, 0, 0, 0, 0, 0, 0, 0, 0, 0, 0, 0, 0, 0, 0, 0, 0, 0, 0, 0, 0, 0, 0, 0, 0, 0, 0, 0]
2021-09-16 15:33:09,676 - INFO - preprocess.py - convert_rc_example - 131 - token_type_ids: [0, 0, 0, 0, 0, 0, 0, 0, 0, 0, 0, 0, 0, 0, 0, 0, 0, 0, 0, 0, 0, 0, 0, 0, 0, 0, 0, 0, 0, 0, 0, 0, 0, 0, 0, 0, 0, 0, 0, 0, 0, 0, 0, 0, 0, 0, 0, 0, 0, 0, 0, 0, 0, 0, 0, 0, 0, 0, 0, 0, 0, 0, 0, 0, 0, 0, 0, 0, 0, 0, 0, 0, 0, 0, 0, 0, 0, 0, 0, 0, 0, 0, 0, 0, 0, 0, 0, 0, 0, 0, 0, 0, 0, 0, 0, 0, 0, 0, 0, 0, 0, 0, 0, 0, 0, 0, 0, 0, 0, 0, 0, 0, 0, 0, 0, 0, 0, 0, 0, 0, 0, 0, 0, 0, 0, 0, 0, 0, 0, 0, 0, 0, 0, 0, 0, 0, 0, 0, 0, 0, 0, 0, 0, 0]
2021-09-16 15:33:09,676 - INFO - preprocess.py - convert_rc_example - 132 - span1_ids: [0, 0, 0, 0, 0, 0, 0, 0, 1, 1, 0, 0, 0, 0, 0, 0, 0, 0, 0, 0, 0, 0, 0, 0, 0, 0, 0, 0, 0, 0, 0, 0, 0, 0, 0, 0, 0, 0, 0, 0, 0, 0, 0, 0, 0, 0, 0, 0, 0, 0, 0, 0, 0, 0, 0, 0, 0, 0, 0, 0, 0, 0, 0, 0, 0, 0, 0, 0, 0, 0, 0, 0, 0, 0, 0, 0, 0, 0, 0, 0, 0, 0, 0, 0, 0, 0, 0, 0, 0, 0, 0, 0, 0, 0, 0, 0, 0, 0, 0, 0, 0, 0, 0, 0, 0, 0, 0, 0, 0, 0, 0, 0, 0, 0, 0, 0, 0, 0, 0, 0, 0, 0, 0, 0, 0, 0, 0, 0, 0, 0, 0, 0, 0, 0, 0, 0, 0, 0, 0, 0, 0, 0, 0, 0]
2021-09-16 15:33:09,676 - INFO - preprocess.py - convert_rc_example - 133 - span2_ids: [0, 0, 0, 0, 0, 0, 0, 0, 0, 0, 0, 0, 0, 0, 0, 0, 0, 0, 0, 0, 0, 0, 0, 0, 0, 0, 0, 0, 0, 0, 0, 0, 0, 0, 0, 0, 0, 0, 0, 0, 0, 0, 0, 0, 0, 0, 0, 1, 0, 0, 0, 0, 0, 0, 0, 0, 0, 0, 0, 0, 0, 0, 0, 0, 0, 0, 0, 0, 0, 0, 0, 0, 0, 0, 0, 0, 0, 0, 0, 0, 0, 0, 0, 0, 0, 0, 0, 0, 0, 0, 0, 0, 0, 0, 0, 0, 0, 0, 0, 0, 0, 0, 0, 0, 0, 0, 0, 0, 0, 0, 0, 0, 0, 0, 0, 0, 0, 0, 0, 0, 0, 0, 0, 0, 0, 0, 0, 0, 0, 0, 0, 0, 0, 0, 0, 0, 0, 0, 0, 0, 0, 0, 0, 0]
2021-09-16 15:33:09,676 - INFO - preprocess.py - convert_rc_example - 134 - label: 1
2021-09-16 15:33:09,729 - INFO - preprocess.py - convert_examples_to_features - 165 - Build 304 features
2021-09-16 15:33:21,227 - INFO - main.py - <module> - 273 - ===============================
2021-09-16 15:33:21,227 - INFO - main.py - <module> - 274 - text=作为代价，这个兵种在不拔剑的时候，他们看起来就跟普通的精锐没什么区别，顺带从这里也可以看出来曹操给曹真补了这五千多锐士是怎么个想法，很明显曹操也不是好鸟。
2021-09-16 15:33:21,227 - INFO - main.py - <module> - 275 - span1=['曹操', 46]
2021-09-16 15:33:21,227 - INFO - main.py - <module> - 276 - span2=['他们', 17]
2021-09-16 15:33:21,661 - INFO - main.py - predict - 228 - 结果：0
2021-09-16 15:33:21,663 - INFO - main.py - <module> - 278 - ===============================
2021-09-16 15:33:21,663 - INFO - main.py - <module> - 273 - ===============================
2021-09-16 15:33:21,663 - INFO - main.py - <module> - 274 - text=作出回答的却不是高文，而是一直趴在桌子旁边往嘴里塞葡萄的琥珀，这位半精灵蹭了蹭嘴巴，对瑞贝卡甩过去一个白眼：笨，因为他不想赔钱啊。
2021-09-16 15:33:21,663 - INFO - main.py - <module> - 275 - span1=['高文', 8]
2021-09-16 15:33:21,663 - INFO - main.py - <module> - 276 - span2=['他', 58]
2021-09-16 15:33:21,711 - INFO - main.py - predict - 228 - 结果：0
2021-09-16 15:33:21,712 - INFO - main.py - <module> - 278 - ===============================
2021-09-16 15:33:21,712 - INFO - main.py - <module> - 273 - ===============================
2021-09-16 15:33:21,712 - INFO - main.py - <module> - 274 - text=作出回答的却不是高文，而是一直趴在桌子旁边往嘴里塞葡萄的琥珀，这位半精灵蹭了蹭嘴巴，对瑞贝卡甩过去一个白眼：笨，因为他不想赔钱啊。
2021-09-16 15:33:21,712 - INFO - main.py - <module> - 275 - span1=['瑞贝卡', 43]
2021-09-16 15:33:21,712 - INFO - main.py - <module> - 276 - span2=['他', 58]
2021-09-16 15:33:21,760 - INFO - main.py - predict - 228 - 结果：0
2021-09-16 15:33:21,762 - INFO - main.py - <module> - 278 - ===============================
2021-09-16 15:33:21,763 - INFO - main.py - <module> - 273 - ===============================
2021-09-16 15:33:21,763 - INFO - main.py - <module> - 274 - text=最终决定由丁槐负责解码板系统控制软件及电路版等关键配件的开发；苏津东负责辅助配件的开发并负责项目的整体调度，张恪相信苏津东此时已具备这样的能力，只是他之前缺乏发挥的空间；刘明辉负责后勤保障。
2021-09-16 15:33:21,763 - INFO - main.py - <module> - 275 - span1=['张恪', 54]
2021-09-16 15:33:21,763 - INFO - main.py - <module> - 276 - span2=['他', 74]
2021-09-16 15:33:21,814 - INFO - main.py - predict - 228 - 结果：0
2021-09-16 15:33:21,815 - INFO - main.py - <module> - 278 - ===============================
2021-09-16 15:33:21,815 - INFO - main.py - <module> - 273 - ===============================
2021-09-16 15:33:21,816 - INFO - main.py - <module> - 274 - text=最终决定由丁槐负责解码板系统控制软件及电路版等关键配件的开发；苏津东负责辅助配件的开发并负责项目的整体调度，张恪相信苏津东此时已具备这样的能力，只是他之前缺乏发挥的空间；刘明辉负责后勤保障。
2021-09-16 15:33:21,816 - INFO - main.py - <module> - 275 - span1=['丁槐', 5]
2021-09-16 15:33:21,816 - INFO - main.py - <module> - 276 - span2=['他', 74]
2021-09-16 15:33:21,865 - INFO - main.py - predict - 228 - 结果：0
2021-09-16 15:33:21,866 - INFO - main.py - <module> - 278 - ===============================
2021-09-16 15:33:21,867 - INFO - main.py - <module> - 273 - ===============================
2021-09-16 15:33:21,867 - INFO - main.py - <module> - 274 - text=最近一段时间，小不点石昊常与三头幼鸟厮混，摸索出了不少门道，族长石云峰也乐得他们凑在一起。
2021-09-16 15:33:21,867 - INFO - main.py - <module> - 275 - span1=['石昊常与三头幼鸟', 10]
2021-09-16 15:33:21,867 - INFO - main.py - <module> - 276 - span2=['他们', 38]
2021-09-16 15:33:21,920 - INFO - main.py - predict - 228 - 结果：1
2021-09-16 15:33:21,921 - INFO - main.py - <module> - 278 - ===============================
2021-09-16 15:33:21,922 - INFO - main.py - <module> - 273 - ===============================
2021-09-16 15:33:21,922 - INFO - main.py - <module> - 274 - text=最近一段时间，小不点石昊常与三头幼鸟厮混，摸索出了不少门道，族长石云峰也乐得他们凑在一起。
2021-09-16 15:33:21,922 - INFO - main.py - <module> - 275 - span1=['石云峰', 32]
2021-09-16 15:33:21,922 - INFO - main.py - <module> - 276 - span2=['他们', 38]
2021-09-16 15:33:21,975 - INFO - main.py - predict - 228 - 结果：0
2021-09-16 15:33:21,976 - INFO - main.py - <module> - 278 - ===============================
2021-09-16 15:33:21,976 - INFO - main.py - <module> - 273 - ===============================
2021-09-16 15:33:21,976 - INFO - main.py - <module> - 274 - text=走出医院，庄睿心里有点遗憾，因为他到临走都没有见到那位十几天来一直照顾他的宋护士，刚才他专门去到医生值班室，想去谢谢宋护士，得到的消息却是宋护士请假了。
2021-09-16 15:33:21,976 - INFO - main.py - <module> - 275 - span1=['庄睿', 5]
2021-09-16 15:33:21,976 - INFO - main.py - <module> - 276 - span2=['他', 16]
2021-09-16 15:33:22,025 - INFO - main.py - predict - 228 - 结果：1
2021-09-16 15:33:22,027 - INFO - main.py - <module> - 278 - ===============================
2021-09-16 15:33:22,027 - INFO - main.py - <module> - 273 - ===============================
2021-09-16 15:33:22,027 - INFO - main.py - <module> - 274 - text=走出医院，庄睿心里有点遗憾，因为他到临走都没有见到那位十几天来一直照顾他的宋护士，刚才他专门去到医生值班室，想去谢谢宋护士，得到的消息却是宋护士请假了。
2021-09-16 15:33:22,027 - INFO - main.py - <module> - 275 - span1=['宋护士', 37]
2021-09-16 15:33:22,027 - INFO - main.py - <module> - 276 - span2=['他', 43]
2021-09-16 15:33:22,074 - INFO - main.py - predict - 228 - 结果：0
2021-09-16 15:33:22,075 - INFO - main.py - <module> - 278 - ===============================
2021-09-16 15:33:22,075 - INFO - main.py - <module> - 273 - ===============================
2021-09-16 15:33:22,075 - INFO - main.py - <module> - 274 - text=走出房间，抬天看了看，看情形雨点子马上就要砸落下来，张恪与翟丹青朝小宴会厅走去。邢爱国的嗓门很大，在走廊上就听得见，张恪与翟丹青倒不用服务员领路，循着声音就能找到他们。
2021-09-16 15:33:22,075 - INFO - main.py - <module> - 275 - span1=['邢爱国', 40]
2021-09-16 15:33:22,075 - INFO - main.py - <module> - 276 - span2=['他们', 81]
2021-09-16 15:33:22,122 - INFO - main.py - predict - 228 - 结果：1
2021-09-16 15:33:22,123 - INFO - main.py - <module> - 278 - ===============================
2021-09-16 15:33:22,124 - INFO - main.py - <module> - 273 - ===============================
2021-09-16 15:33:22,124 - INFO - main.py - <module> - 274 - text=走出房间，抬天看了看，看情形雨点子马上就要砸落下来，张恪与翟丹青朝小宴会厅走去。邢爱国的嗓门很大，在走廊上就听得见，张恪与翟丹青倒不用服务员领路，循着声音就能找到他们。
2021-09-16 15:33:22,124 - INFO - main.py - <module> - 275 - span1=['张恪', 26]
2021-09-16 15:33:22,124 - INFO - main.py - <module> - 276 - span2=['他们', 81]
2021-09-16 15:33:22,169 - INFO - main.py - predict - 228 - 结果：0
2021-09-16 15:33:22,170 - INFO - main.py - <module> - 278 - ===============================
